Using pre-set license
Built from '2021.3/staging' branch; Version is '2021.3.22f1 (b6c551784ba3) revision 11978065'; Using compiler version '192829333'; Build Type 'Release'
OS: 'Windows 10  (10.0.19045) 64bit Core' Language: 'ko' Physical Memory: 65400 MB
BatchMode: 1, IsHumanControllingUs: 0, StartBugReporterOnCrash: 0, Is64bit: 1, IsPro: 1

COMMAND LINE ARGUMENTS:
D:\2021.3.22f1\Editor\Unity.exe
-adb2
-batchMode
-noUpm
-name
AssetImportWorker2
-projectPath
D:/my/mygame
-logFile
Logs/AssetImportWorker2.log
-srvPort
53154
Successfully changed project path to: D:/my/mygame
D:/my/mygame
[UnityMemory] Configuration Parameters - Can be set up in boot.config
    "memorysetup-bucket-allocator-granularity=16"
    "memorysetup-bucket-allocator-bucket-count=8"
    "memorysetup-bucket-allocator-block-size=33554432"
    "memorysetup-bucket-allocator-block-count=8"
    "memorysetup-main-allocator-block-size=16777216"
    "memorysetup-thread-allocator-block-size=16777216"
    "memorysetup-gfx-main-allocator-block-size=16777216"
    "memorysetup-gfx-thread-allocator-block-size=16777216"
    "memorysetup-cache-allocator-block-size=4194304"
    "memorysetup-typetree-allocator-block-size=2097152"
    "memorysetup-profiler-bucket-allocator-granularity=16"
    "memorysetup-profiler-bucket-allocator-bucket-count=8"
    "memorysetup-profiler-bucket-allocator-block-size=33554432"
    "memorysetup-profiler-bucket-allocator-block-count=8"
    "memorysetup-profiler-allocator-block-size=16777216"
    "memorysetup-profiler-editor-allocator-block-size=1048576"
    "memorysetup-temp-allocator-size-main=16777216"
    "memorysetup-job-temp-allocator-block-size=2097152"
    "memorysetup-job-temp-allocator-block-size-background=1048576"
    "memorysetup-job-temp-allocator-reduction-small-platforms=262144"
    "memorysetup-temp-allocator-size-background-worker=32768"
    "memorysetup-temp-allocator-size-job-worker=262144"
    "memorysetup-temp-allocator-size-preload-manager=33554432"
    "memorysetup-temp-allocator-size-nav-mesh-worker=65536"
    "memorysetup-temp-allocator-size-audio-worker=65536"
    "memorysetup-temp-allocator-size-cloud-worker=32768"
    "memorysetup-temp-allocator-size-gi-baking-worker=262144"
    "memorysetup-temp-allocator-size-gfx=262144"
Player connection [27136] Host "[IP] 192.168.0.152 [Port] 0 [Flags] 2 [Guid] 1378028879 [EditorId] 1378028879 [Version] 1048832 [Id] WindowsEditor(7,DESKTOP-HJNGCGI) [Debug] 1 [PackageName] WindowsEditor [ProjectName] Editor" joined multi-casting on [225.0.0.222:54997]...

Player connection [27136] Host "[IP] 192.168.0.152 [Port] 0 [Flags] 2 [Guid] 1378028879 [EditorId] 1378028879 [Version] 1048832 [Id] WindowsEditor(7,DESKTOP-HJNGCGI) [Debug] 1 [PackageName] WindowsEditor [ProjectName] Editor" joined alternative multi-casting on [225.0.0.222:34997]...

Refreshing native plugins compatible for Editor in 70.53 ms, found 3 plugins.
Preloading 0 native plugins for Editor in 0.00 ms.
Initialize engine version: 2021.3.22f1 (b6c551784ba3)
[Subsystems] Discovering subsystems at path D:/2021.3.22f1/Editor/Data/Resources/UnitySubsystems
[Subsystems] Discovering subsystems at path D:/my/mygame/Assets
GfxDevice: creating device client; threaded=0; jobified=0
Direct3D:
    Version:  Direct3D 11.0 [level 11.1]
    Renderer: NVIDIA GeForce RTX 3080 (ID=0x2206)
    Vendor:   NVIDIA
    VRAM:     10067 MB
    Driver:   31.0.15.2802
Initialize mono
Mono path[0] = 'D:/2021.3.22f1/Editor/Data/Managed'
Mono path[1] = 'D:/2021.3.22f1/Editor/Data/MonoBleedingEdge/lib/mono/unityjit-win32'
Mono config path = 'D:/2021.3.22f1/Editor/Data/MonoBleedingEdge/etc'
Using monoOptions --debugger-agent=transport=dt_socket,embedding=1,server=y,suspend=n,address=127.0.0.1:56132
Begin MonoManager ReloadAssembly
Registering precompiled unity dll's ...
Register platform support module: D:/2021.3.22f1/Editor/Data/PlaybackEngines/WebGLSupport/UnityEditor.WebGL.Extensions.dll
Register platform support module: D:/2021.3.22f1/Editor/Data/PlaybackEngines/AndroidPlayer/UnityEditor.Android.Extensions.dll
Register platform support module: D:/2021.3.22f1/Editor/Data/PlaybackEngines/WindowsStandaloneSupport/UnityEditor.WindowsStandalone.Extensions.dll
Registered in 0.002208 seconds.
Native extension for WindowsStandalone target not found
Native extension for Android target not found
Android Extension - Scanning For ADB Devices 293 ms
Native extension for WebGL target not found
Refreshing native plugins compatible for Editor in 73.10 ms, found 3 plugins.
Preloading 0 native plugins for Editor in 0.00 ms.
Mono: successfully reloaded assembly
- Completed reload, in  0.808 seconds
Domain Reload Profiling:
	ReloadAssembly (809ms)
		BeginReloadAssembly (61ms)
			ExecutionOrderSort (0ms)
			DisableScriptedObjects (0ms)
			BackupInstance (0ms)
			ReleaseScriptingObjects (0ms)
			CreateAndSetChildDomain (1ms)
		EndReloadAssembly (677ms)
			LoadAssemblies (61ms)
			RebuildTransferFunctionScriptingTraits (0ms)
			SetupTypeCache (86ms)
			ReleaseScriptCaches (0ms)
			RebuildScriptCaches (23ms)
			SetupLoadedEditorAssemblies (531ms)
				LogAssemblyErrors (0ms)
				InitializePlatformSupportModulesInManaged (343ms)
				SetLoadedEditorAssemblies (0ms)
				RefreshPlugins (73ms)
				BeforeProcessingInitializeOnLoad (1ms)
				ProcessInitializeOnLoadAttributes (79ms)
				ProcessInitializeOnLoadMethodAttributes (35ms)
				AfterProcessingInitializeOnLoad (0ms)
				EditorAssembliesLoaded (0ms)
			ExecutionOrderSort2 (0ms)
			AwakeInstancesAfterBackupRestoration (0ms)
Platform modules already initialized, skipping
Registering precompiled user dll's ...
Registered in 0.004045 seconds.
Begin MonoManager ReloadAssembly
Symbol file LoadedFromMemory doesn't match image D:\my\mygame\Library\PackageCache\com.unity.visualscripting@1.8.0\Editor\VisualScripting.Core\Dependencies\YamlDotNet\Unity.VisualScripting.YamlDotNet.dll
Symbol file LoadedFromMemory doesn't match image D:\my\mygame\Library\PackageCache\com.unity.visualscripting@1.8.0\Editor\VisualScripting.Core\Dependencies\DotNetZip\Unity.VisualScripting.IonicZip.dll
Native extension for WindowsStandalone target not found
Native extension for Android target not found
Native extension for WebGL target not found
Refreshing native plugins compatible for Editor in 0.45 ms, found 3 plugins.
Preloading 0 native plugins for Editor in 0.00 ms.
Mono: successfully reloaded assembly
- Completed reload, in  0.823 seconds
Domain Reload Profiling:
	ReloadAssembly (824ms)
		BeginReloadAssembly (103ms)
			ExecutionOrderSort (0ms)
			DisableScriptedObjects (5ms)
			BackupInstance (0ms)
			ReleaseScriptingObjects (0ms)
			CreateAndSetChildDomain (18ms)
		EndReloadAssembly (624ms)
			LoadAssemblies (79ms)
			RebuildTransferFunctionScriptingTraits (0ms)
			SetupTypeCache (223ms)
			ReleaseScriptCaches (1ms)
			RebuildScriptCaches (43ms)
			SetupLoadedEditorAssemblies (263ms)
				LogAssemblyErrors (0ms)
				InitializePlatformSupportModulesInManaged (13ms)
				SetLoadedEditorAssemblies (0ms)
				RefreshPlugins (0ms)
				BeforeProcessingInitializeOnLoad (64ms)
				ProcessInitializeOnLoadAttributes (169ms)
				ProcessInitializeOnLoadMethodAttributes (14ms)
				AfterProcessingInitializeOnLoad (2ms)
				EditorAssembliesLoaded (0ms)
			ExecutionOrderSort2 (0ms)
			AwakeInstancesAfterBackupRestoration (4ms)
Platform modules already initialized, skipping
========================================================================
Worker process is ready to serve import requests
Launched and connected shader compiler UnityShaderCompiler.exe after 0.04 seconds
Refreshing native plugins compatible for Editor in 0.85 ms, found 3 plugins.
Preloading 0 native plugins for Editor in 0.00 ms.
Unloading 3053 Unused Serialized files (Serialized files now loaded: 0)
Unloading 24 unused Assets / (113.7 KB). Loaded Objects now: 3519.
Memory consumption went from 182.3 MB to 182.2 MB.
Total: 3.224300 ms (FindLiveObjects: 0.250700 ms CreateObjectMapping: 0.326300 ms MarkObjects: 2.553600 ms  DeleteObjects: 0.093100 ms)

AssetImportParameters requested are different than current active one (requested -> active):
  custom:video-decoder-ogg-theora: a1e56fd34408186e4bbccfd4996cb3dc -> 
  custom:container-muxer-webm: aa71ff27fc2769a1b78a27578f13a17b -> 
  custom:container-demuxer-webm: 4f35f7cbe854078d1ac9338744f61a02 -> 
  custom:video-encoder-webm-vp8: eb34c28f22e8b96e1ab97ce403110664 -> 
  custom:video-codec-MediaFoundation-h265: 746d11721c4dcdbdad8f713fa42b33f4 -> 
  custom:audio-encoder-webm-vorbis: bf7c407c2cedff20999df2af8eb42d56 -> 
  custom:framework-win-MediaFoundation: 216162199b28c13a410421893ffa2e32 -> 
  custom:container-demuxer-ogg: 62fdf1f143b41e24485cea50d1cbac27 -> 
  custom:video-decoder-webm-vp8: 9c59270c3fd7afecdb556c50c9e8de78 -> 
  custom:audio-decoder-ogg-vorbis: bf7c407c2cedff20999df2af8eb42d56 -> 
========================================================================
Received Import Request.
  Time since last request: 7930.395757 seconds.
  path: Assets/UnityTechnologies/3DBeginnerTutorial/Art/Animation/Animation/Ghost@Walk.fbx
  artifactKey: Guid(2017cad317b564c409a9e5bd02341461) Importer(815301076,1909f56bfc062723c751e8b465ee728b)
Start importing Assets/UnityTechnologies/3DBeginnerTutorial/Art/Animation/Animation/Ghost@Walk.fbx using Guid(2017cad317b564c409a9e5bd02341461) Importer(815301076,1909f56bfc062723c751e8b465ee728b)  -> (artifact id: '2bf469e6132c42107cc54505ca7fa51c') in 0.183028 seconds 
========================================================================
Received Import Request.
  Time since last request: 59.263099 seconds.
  path: Assets/UnityTechnologies
  artifactKey: Guid(c9579d32aac9f43f1b592b3511083e6b) Importer(815301076,1909f56bfc062723c751e8b465ee728b)
Start importing Assets/UnityTechnologies using Guid(c9579d32aac9f43f1b592b3511083e6b) Importer(815301076,1909f56bfc062723c751e8b465ee728b)  -> (artifact id: 'f180bf50988bc3e9aa583720773740d4') in 0.001129 seconds 
========================================================================
Received Import Request.
  Time since last request: 4.253343 seconds.
  path: Assets/Scenes
  artifactKey: Guid(6ea315d0fd7389c41b19996891e99ae3) Importer(815301076,1909f56bfc062723c751e8b465ee728b)
Start importing Assets/Scenes using Guid(6ea315d0fd7389c41b19996891e99ae3) Importer(815301076,1909f56bfc062723c751e8b465ee728b)  -> (artifact id: 'b8193726cff86800c54781cdc6d54904') in 0.001079 seconds 
========================================================================
Received Import Request.
  Time since last request: 18.207193 seconds.
  path: Assets/UnityTechnologies/3DBeginnerTutorial/Art/Models/Characters
  artifactKey: Guid(0a4baff46de2c5f42a4a87eb698b18ed) Importer(815301076,1909f56bfc062723c751e8b465ee728b)
Start importing Assets/UnityTechnologies/3DBeginnerTutorial/Art/Models/Characters using Guid(0a4baff46de2c5f42a4a87eb698b18ed) Importer(815301076,1909f56bfc062723c751e8b465ee728b)  -> (artifact id: 'a1076e436fb8b3ece0a5d49c441b1c58') in 0.001100 seconds 
========================================================================
Received Import Request.
  Time since last request: 0.026732 seconds.
  path: Assets/UnityTechnologies/3DBeginnerTutorial/Art/Models/Characters/Gargoyle.fbx
  artifactKey: Guid(d3312d02a690eda48bd6807bf5c78084) Importer(815301076,1909f56bfc062723c751e8b465ee728b)
Start importing Assets/UnityTechnologies/3DBeginnerTutorial/Art/Models/Characters/Gargoyle.fbx using Guid(d3312d02a690eda48bd6807bf5c78084) Importer(815301076,1909f56bfc062723c751e8b465ee728b)  -> (artifact id: '074851b0db87ca70358044ee16ce79ad') in 0.168102 seconds 
========================================================================
Received Prepare
Registering precompiled user dll's ...
Registered in 0.003540 seconds.
Begin MonoManager ReloadAssembly
Symbol file LoadedFromMemory doesn't match image D:\my\mygame\Library\PackageCache\com.unity.visualscripting@1.8.0\Editor\VisualScripting.Core\Dependencies\YamlDotNet\Unity.VisualScripting.YamlDotNet.dll
Symbol file LoadedFromMemory doesn't match image D:\my\mygame\Library\PackageCache\com.unity.visualscripting@1.8.0\Editor\VisualScripting.Core\Dependencies\DotNetZip\Unity.VisualScripting.IonicZip.dll
Native extension for WindowsStandalone target not found
Native extension for Android target not found
Native extension for WebGL target not found
Refreshing native plugins compatible for Editor in 0.50 ms, found 3 plugins.
Preloading 0 native plugins for Editor in 0.00 ms.
Mono: successfully reloaded assembly
- Completed reload, in  0.793 seconds
Domain Reload Profiling:
	ReloadAssembly (793ms)
		BeginReloadAssembly (115ms)
			ExecutionOrderSort (0ms)
			DisableScriptedObjects (4ms)
			BackupInstance (0ms)
			ReleaseScriptingObjects (0ms)
			CreateAndSetChildDomain (27ms)
		EndReloadAssembly (608ms)
			LoadAssemblies (76ms)
			RebuildTransferFunctionScriptingTraits (0ms)
			SetupTypeCache (218ms)
			ReleaseScriptCaches (1ms)
			RebuildScriptCaches (34ms)
			SetupLoadedEditorAssemblies (253ms)
				LogAssemblyErrors (0ms)
				InitializePlatformSupportModulesInManaged (15ms)
				SetLoadedEditorAssemblies (0ms)
				RefreshPlugins (1ms)
				BeforeProcessingInitializeOnLoad (48ms)
				ProcessInitializeOnLoadAttributes (168ms)
				ProcessInitializeOnLoadMethodAttributes (19ms)
				AfterProcessingInitializeOnLoad (2ms)
				EditorAssembliesLoaded (0ms)
			ExecutionOrderSort2 (0ms)
			AwakeInstancesAfterBackupRestoration (5ms)
Platform modules already initialized, skipping
Refreshing native plugins compatible for Editor in 1.23 ms, found 3 plugins.
Preloading 0 native plugins for Editor in 0.00 ms.
Unloading 3045 Unused Serialized files (Serialized files now loaded: 0)
Unloading 17 unused Assets / (80.6 KB). Loaded Objects now: 3535.
Memory consumption went from 199.1 MB to 199.0 MB.
Total: 2.241900 ms (FindLiveObjects: 0.239700 ms CreateObjectMapping: 0.141600 ms MarkObjects: 1.791900 ms  DeleteObjects: 0.068000 ms)

AssetImportParameters requested are different than current active one (requested -> active):
  custom:video-decoder-ogg-theora: a1e56fd34408186e4bbccfd4996cb3dc -> 
  custom:container-muxer-webm: aa71ff27fc2769a1b78a27578f13a17b -> 
  custom:container-demuxer-webm: 4f35f7cbe854078d1ac9338744f61a02 -> 
  custom:video-encoder-webm-vp8: eb34c28f22e8b96e1ab97ce403110664 -> 
  custom:video-codec-MediaFoundation-h265: 746d11721c4dcdbdad8f713fa42b33f4 -> 
  custom:audio-encoder-webm-vorbis: bf7c407c2cedff20999df2af8eb42d56 -> 
  custom:framework-win-MediaFoundation: 216162199b28c13a410421893ffa2e32 -> 
  custom:container-demuxer-ogg: 62fdf1f143b41e24485cea50d1cbac27 -> 
  custom:video-decoder-webm-vp8: 9c59270c3fd7afecdb556c50c9e8de78 -> 
  custom:audio-decoder-ogg-vorbis: bf7c407c2cedff20999df2af8eb42d56 -> 
========================================================================
Received Prepare
Registering precompiled user dll's ...
Registered in 0.003633 seconds.
Begin MonoManager ReloadAssembly
Symbol file LoadedFromMemory doesn't match image D:\my\mygame\Library\PackageCache\com.unity.visualscripting@1.8.0\Editor\VisualScripting.Core\Dependencies\YamlDotNet\Unity.VisualScripting.YamlDotNet.dll
Symbol file LoadedFromMemory doesn't match image D:\my\mygame\Library\PackageCache\com.unity.visualscripting@1.8.0\Editor\VisualScripting.Core\Dependencies\DotNetZip\Unity.VisualScripting.IonicZip.dll
Native extension for WindowsStandalone target not found
Native extension for Android target not found
Native extension for WebGL target not found
Refreshing native plugins compatible for Editor in 0.49 ms, found 3 plugins.
Preloading 0 native plugins for Editor in 0.00 ms.
Mono: successfully reloaded assembly
- Completed reload, in  0.748 seconds
Domain Reload Profiling:
	ReloadAssembly (749ms)
		BeginReloadAssembly (110ms)
			ExecutionOrderSort (0ms)
			DisableScriptedObjects (4ms)
			BackupInstance (0ms)
			ReleaseScriptingObjects (0ms)
			CreateAndSetChildDomain (26ms)
		EndReloadAssembly (571ms)
			LoadAssemblies (69ms)
			RebuildTransferFunctionScriptingTraits (0ms)
			SetupTypeCache (209ms)
			ReleaseScriptCaches (1ms)
			RebuildScriptCaches (33ms)
			SetupLoadedEditorAssemblies (233ms)
				LogAssemblyErrors (0ms)
				InitializePlatformSupportModulesInManaged (14ms)
				SetLoadedEditorAssemblies (0ms)
				RefreshPlugins (1ms)
				BeforeProcessingInitializeOnLoad (49ms)
				ProcessInitializeOnLoadAttributes (152ms)
				ProcessInitializeOnLoadMethodAttributes (15ms)
				AfterProcessingInitializeOnLoad (2ms)
				EditorAssembliesLoaded (0ms)
			ExecutionOrderSort2 (0ms)
			AwakeInstancesAfterBackupRestoration (5ms)
Platform modules already initialized, skipping
Refreshing native plugins compatible for Editor in 1.27 ms, found 3 plugins.
Preloading 0 native plugins for Editor in 0.00 ms.
Unloading 3045 Unused Serialized files (Serialized files now loaded: 0)
Unloading 17 unused Assets / (80.5 KB). Loaded Objects now: 3538.
Memory consumption went from 199.1 MB to 199.0 MB.
Total: 2.281300 ms (FindLiveObjects: 0.218900 ms CreateObjectMapping: 0.144500 ms MarkObjects: 1.848700 ms  DeleteObjects: 0.068100 ms)

AssetImportParameters requested are different than current active one (requested -> active):
  custom:video-decoder-ogg-theora: a1e56fd34408186e4bbccfd4996cb3dc -> 
  custom:container-muxer-webm: aa71ff27fc2769a1b78a27578f13a17b -> 
  custom:container-demuxer-webm: 4f35f7cbe854078d1ac9338744f61a02 -> 
  custom:video-encoder-webm-vp8: eb34c28f22e8b96e1ab97ce403110664 -> 
  custom:video-codec-MediaFoundation-h265: 746d11721c4dcdbdad8f713fa42b33f4 -> 
  custom:audio-encoder-webm-vorbis: bf7c407c2cedff20999df2af8eb42d56 -> 
  custom:framework-win-MediaFoundation: 216162199b28c13a410421893ffa2e32 -> 
  custom:container-demuxer-ogg: 62fdf1f143b41e24485cea50d1cbac27 -> 
  custom:video-decoder-webm-vp8: 9c59270c3fd7afecdb556c50c9e8de78 -> 
  custom:audio-decoder-ogg-vorbis: bf7c407c2cedff20999df2af8eb42d56 -> 
========================================================================
Received Import Request.
  Time since last request: 239.152681 seconds.
  path: Assets/UnityTechnologies/3DBeginnerTutorial/Prefabs/JohnLemon.prefab
  artifactKey: Guid(bcc63a44c94414447ab5dabf86e8d1e4) Importer(815301076,1909f56bfc062723c751e8b465ee728b)
Start importing Assets/UnityTechnologies/3DBeginnerTutorial/Prefabs/JohnLemon.prefab using Guid(bcc63a44c94414447ab5dabf86e8d1e4) Importer(815301076,1909f56bfc062723c751e8b465ee728b)  -> (artifact id: 'df9b26f6e013b9aff339f4d6594db730') in 0.134891 seconds 
========================================================================
Received Import Request.
  Time since last request: 117.368809 seconds.
  path: Assets/UnityTechnologies/3DBeginnerTutorial/Art/Animation/Animators/JohnLemon.controller
  artifactKey: Guid(20218ab5d97ad4d4da25b3bd1cc2fc15) Importer(815301076,1909f56bfc062723c751e8b465ee728b)
Start importing Assets/UnityTechnologies/3DBeginnerTutorial/Art/Animation/Animators/JohnLemon.controller using Guid(20218ab5d97ad4d4da25b3bd1cc2fc15) Importer(815301076,1909f56bfc062723c751e8b465ee728b)  -> (artifact id: '15bc01481fa59f3d25839374a4eb0b23') in 0.002991 seconds 
========================================================================
Received Import Request.
  Time since last request: 1406.419265 seconds.
  path: Assets/UnityTechnologies/3DBeginnerTutorial/Art/Animation/Animators/JohnLemon.controller
  artifactKey: Guid(20218ab5d97ad4d4da25b3bd1cc2fc15) Importer(815301076,1909f56bfc062723c751e8b465ee728b)
Start importing Assets/UnityTechnologies/3DBeginnerTutorial/Art/Animation/Animators/JohnLemon.controller using Guid(20218ab5d97ad4d4da25b3bd1cc2fc15) Importer(815301076,1909f56bfc062723c751e8b465ee728b)  -> (artifact id: '515baff17563f4b059713b7ff94ae348') in 0.005249 seconds 
========================================================================
Received Prepare
Registering precompiled user dll's ...
Registered in 0.003468 seconds.
Begin MonoManager ReloadAssembly
Symbol file LoadedFromMemory doesn't match image D:\my\mygame\Library\PackageCache\com.unity.visualscripting@1.8.0\Editor\VisualScripting.Core\Dependencies\YamlDotNet\Unity.VisualScripting.YamlDotNet.dll
Symbol file LoadedFromMemory doesn't match image D:\my\mygame\Library\PackageCache\com.unity.visualscripting@1.8.0\Editor\VisualScripting.Core\Dependencies\DotNetZip\Unity.VisualScripting.IonicZip.dll
Native extension for WindowsStandalone target not found
Native extension for Android target not found
Native extension for WebGL target not found
Refreshing native plugins compatible for Editor in 0.61 ms, found 3 plugins.
Preloading 0 native plugins for Editor in 0.00 ms.
Mono: successfully reloaded assembly
- Completed reload, in  0.767 seconds
Domain Reload Profiling:
	ReloadAssembly (767ms)
		BeginReloadAssembly (108ms)
			ExecutionOrderSort (0ms)
			DisableScriptedObjects (4ms)
			BackupInstance (0ms)
			ReleaseScriptingObjects (0ms)
			CreateAndSetChildDomain (27ms)
		EndReloadAssembly (589ms)
			LoadAssemblies (67ms)
			RebuildTransferFunctionScriptingTraits (0ms)
			SetupTypeCache (213ms)
			ReleaseScriptCaches (1ms)
			RebuildScriptCaches (33ms)
			SetupLoadedEditorAssemblies (241ms)
				LogAssemblyErrors (0ms)
				InitializePlatformSupportModulesInManaged (14ms)
				SetLoadedEditorAssemblies (0ms)
				RefreshPlugins (1ms)
				BeforeProcessingInitializeOnLoad (49ms)
				ProcessInitializeOnLoadAttributes (158ms)
				ProcessInitializeOnLoadMethodAttributes (17ms)
				AfterProcessingInitializeOnLoad (2ms)
				EditorAssembliesLoaded (0ms)
			ExecutionOrderSort2 (0ms)
			AwakeInstancesAfterBackupRestoration (6ms)
Platform modules already initialized, skipping
Refreshing native plugins compatible for Editor in 1.23 ms, found 3 plugins.
Preloading 0 native plugins for Editor in 0.00 ms.
Unloading 3045 Unused Serialized files (Serialized files now loaded: 0)
Unloading 17 unused Assets / (80.5 KB). Loaded Objects now: 3541.
Memory consumption went from 199.2 MB to 199.1 MB.
Total: 2.178000 ms (FindLiveObjects: 0.227400 ms CreateObjectMapping: 0.137900 ms MarkObjects: 1.743100 ms  DeleteObjects: 0.069100 ms)

AssetImportParameters requested are different than current active one (requested -> active):
  custom:video-decoder-ogg-theora: a1e56fd34408186e4bbccfd4996cb3dc -> 
  custom:container-muxer-webm: aa71ff27fc2769a1b78a27578f13a17b -> 
  custom:container-demuxer-webm: 4f35f7cbe854078d1ac9338744f61a02 -> 
  custom:video-encoder-webm-vp8: eb34c28f22e8b96e1ab97ce403110664 -> 
  custom:video-codec-MediaFoundation-h265: 746d11721c4dcdbdad8f713fa42b33f4 -> 
  custom:audio-encoder-webm-vorbis: bf7c407c2cedff20999df2af8eb42d56 -> 
  custom:framework-win-MediaFoundation: 216162199b28c13a410421893ffa2e32 -> 
  custom:container-demuxer-ogg: 62fdf1f143b41e24485cea50d1cbac27 -> 
  custom:video-decoder-webm-vp8: 9c59270c3fd7afecdb556c50c9e8de78 -> 
  custom:audio-decoder-ogg-vorbis: bf7c407c2cedff20999df2af8eb42d56 -> 
========================================================================
Received Prepare
Registering precompiled user dll's ...
Registered in 0.003889 seconds.
Begin MonoManager ReloadAssembly
Symbol file LoadedFromMemory doesn't match image D:\my\mygame\Library\PackageCache\com.unity.visualscripting@1.8.0\Editor\VisualScripting.Core\Dependencies\YamlDotNet\Unity.VisualScripting.YamlDotNet.dll
Symbol file LoadedFromMemory doesn't match image D:\my\mygame\Library\PackageCache\com.unity.visualscripting@1.8.0\Editor\VisualScripting.Core\Dependencies\DotNetZip\Unity.VisualScripting.IonicZip.dll
Native extension for WindowsStandalone target not found
Native extension for Android target not found
Native extension for WebGL target not found
Refreshing native plugins compatible for Editor in 0.50 ms, found 3 plugins.
Preloading 0 native plugins for Editor in 0.00 ms.
Mono: successfully reloaded assembly
- Completed reload, in  0.776 seconds
Domain Reload Profiling:
	ReloadAssembly (777ms)
		BeginReloadAssembly (110ms)
			ExecutionOrderSort (0ms)
			DisableScriptedObjects (4ms)
			BackupInstance (0ms)
			ReleaseScriptingObjects (0ms)
			CreateAndSetChildDomain (25ms)
		EndReloadAssembly (599ms)
			LoadAssemblies (70ms)
			RebuildTransferFunctionScriptingTraits (0ms)
			SetupTypeCache (224ms)
			ReleaseScriptCaches (1ms)
			RebuildScriptCaches (34ms)
			SetupLoadedEditorAssemblies (240ms)
				LogAssemblyErrors (0ms)
				InitializePlatformSupportModulesInManaged (14ms)
				SetLoadedEditorAssemblies (0ms)
				RefreshPlugins (1ms)
				BeforeProcessingInitializeOnLoad (48ms)
				ProcessInitializeOnLoadAttributes (159ms)
				ProcessInitializeOnLoadMethodAttributes (15ms)
				AfterProcessingInitializeOnLoad (2ms)
				EditorAssembliesLoaded (0ms)
			ExecutionOrderSort2 (0ms)
			AwakeInstancesAfterBackupRestoration (5ms)
Platform modules already initialized, skipping
Refreshing native plugins compatible for Editor in 1.36 ms, found 3 plugins.
Preloading 0 native plugins for Editor in 0.00 ms.
Unloading 3045 Unused Serialized files (Serialized files now loaded: 0)
Unloading 17 unused Assets / (80.6 KB). Loaded Objects now: 3544.
Memory consumption went from 199.2 MB to 199.1 MB.
Total: 2.210400 ms (FindLiveObjects: 0.244900 ms CreateObjectMapping: 0.133300 ms MarkObjects: 1.761600 ms  DeleteObjects: 0.069900 ms)

AssetImportParameters requested are different than current active one (requested -> active):
  custom:video-decoder-ogg-theora: a1e56fd34408186e4bbccfd4996cb3dc -> 
  custom:container-muxer-webm: aa71ff27fc2769a1b78a27578f13a17b -> 
  custom:container-demuxer-webm: 4f35f7cbe854078d1ac9338744f61a02 -> 
  custom:video-encoder-webm-vp8: eb34c28f22e8b96e1ab97ce403110664 -> 
  custom:video-codec-MediaFoundation-h265: 746d11721c4dcdbdad8f713fa42b33f4 -> 
  custom:audio-encoder-webm-vorbis: bf7c407c2cedff20999df2af8eb42d56 -> 
  custom:framework-win-MediaFoundation: 216162199b28c13a410421893ffa2e32 -> 
  custom:container-demuxer-ogg: 62fdf1f143b41e24485cea50d1cbac27 -> 
  custom:video-decoder-webm-vp8: 9c59270c3fd7afecdb556c50c9e8de78 -> 
  custom:audio-decoder-ogg-vorbis: bf7c407c2cedff20999df2af8eb42d56 -> 
========================================================================
Received Prepare
Registering precompiled user dll's ...
Registered in 0.003505 seconds.
Begin MonoManager ReloadAssembly
Symbol file LoadedFromMemory doesn't match image D:\my\mygame\Library\PackageCache\com.unity.visualscripting@1.8.0\Editor\VisualScripting.Core\Dependencies\YamlDotNet\Unity.VisualScripting.YamlDotNet.dll
Symbol file LoadedFromMemory doesn't match image D:\my\mygame\Library\PackageCache\com.unity.visualscripting@1.8.0\Editor\VisualScripting.Core\Dependencies\DotNetZip\Unity.VisualScripting.IonicZip.dll
Native extension for WindowsStandalone target not found
Native extension for Android target not found
Native extension for WebGL target not found
Refreshing native plugins compatible for Editor in 0.52 ms, found 3 plugins.
Preloading 0 native plugins for Editor in 0.00 ms.
Mono: successfully reloaded assembly
- Completed reload, in  0.768 seconds
Domain Reload Profiling:
	ReloadAssembly (769ms)
		BeginReloadAssembly (107ms)
			ExecutionOrderSort (0ms)
			DisableScriptedObjects (4ms)
			BackupInstance (0ms)
			ReleaseScriptingObjects (0ms)
			CreateAndSetChildDomain (24ms)
		EndReloadAssembly (594ms)
			LoadAssemblies (68ms)
			RebuildTransferFunctionScriptingTraits (0ms)
			SetupTypeCache (228ms)
			ReleaseScriptCaches (1ms)
			RebuildScriptCaches (33ms)
			SetupLoadedEditorAssemblies (239ms)
				LogAssemblyErrors (0ms)
				InitializePlatformSupportModulesInManaged (14ms)
				SetLoadedEditorAssemblies (0ms)
				RefreshPlugins (1ms)
				BeforeProcessingInitializeOnLoad (48ms)
				ProcessInitializeOnLoadAttributes (159ms)
				ProcessInitializeOnLoadMethodAttributes (15ms)
				AfterProcessingInitializeOnLoad (2ms)
				EditorAssembliesLoaded (0ms)
			ExecutionOrderSort2 (0ms)
			AwakeInstancesAfterBackupRestoration (5ms)
Platform modules already initialized, skipping
Refreshing native plugins compatible for Editor in 1.24 ms, found 3 plugins.
Preloading 0 native plugins for Editor in 0.00 ms.
Unloading 3045 Unused Serialized files (Serialized files now loaded: 0)
Unloading 17 unused Assets / (80.6 KB). Loaded Objects now: 3547.
Memory consumption went from 199.1 MB to 199.0 MB.
Total: 2.155900 ms (FindLiveObjects: 0.218900 ms CreateObjectMapping: 0.114700 ms MarkObjects: 1.750100 ms  DeleteObjects: 0.071800 ms)

AssetImportParameters requested are different than current active one (requested -> active):
  custom:video-decoder-ogg-theora: a1e56fd34408186e4bbccfd4996cb3dc -> 
  custom:container-muxer-webm: aa71ff27fc2769a1b78a27578f13a17b -> 
  custom:container-demuxer-webm: 4f35f7cbe854078d1ac9338744f61a02 -> 
  custom:video-encoder-webm-vp8: eb34c28f22e8b96e1ab97ce403110664 -> 
  custom:video-codec-MediaFoundation-h265: 746d11721c4dcdbdad8f713fa42b33f4 -> 
  custom:audio-encoder-webm-vorbis: bf7c407c2cedff20999df2af8eb42d56 -> 
  custom:framework-win-MediaFoundation: 216162199b28c13a410421893ffa2e32 -> 
  custom:container-demuxer-ogg: 62fdf1f143b41e24485cea50d1cbac27 -> 
  custom:video-decoder-webm-vp8: 9c59270c3fd7afecdb556c50c9e8de78 -> 
  custom:audio-decoder-ogg-vorbis: bf7c407c2cedff20999df2af8eb42d56 -> 
========================================================================
Received Prepare
Registering precompiled user dll's ...
Registered in 0.004263 seconds.
Begin MonoManager ReloadAssembly
Symbol file LoadedFromMemory doesn't match image D:\my\mygame\Library\PackageCache\com.unity.visualscripting@1.8.0\Editor\VisualScripting.Core\Dependencies\YamlDotNet\Unity.VisualScripting.YamlDotNet.dll
Symbol file LoadedFromMemory doesn't match image D:\my\mygame\Library\PackageCache\com.unity.visualscripting@1.8.0\Editor\VisualScripting.Core\Dependencies\DotNetZip\Unity.VisualScripting.IonicZip.dll
Native extension for WindowsStandalone target not found
Native extension for Android target not found
Native extension for WebGL target not found
Refreshing native plugins compatible for Editor in 0.51 ms, found 3 plugins.
Preloading 0 native plugins for Editor in 0.00 ms.
Mono: successfully reloaded assembly
- Completed reload, in  0.752 seconds
Domain Reload Profiling:
	ReloadAssembly (752ms)
		BeginReloadAssembly (107ms)
			ExecutionOrderSort (0ms)
			DisableScriptedObjects (5ms)
			BackupInstance (0ms)
			ReleaseScriptingObjects (0ms)
			CreateAndSetChildDomain (23ms)
		EndReloadAssembly (571ms)
			LoadAssemblies (68ms)
			RebuildTransferFunctionScriptingTraits (0ms)
			SetupTypeCache (210ms)
			ReleaseScriptCaches (1ms)
			RebuildScriptCaches (33ms)
			SetupLoadedEditorAssemblies (232ms)
				LogAssemblyErrors (0ms)
				InitializePlatformSupportModulesInManaged (14ms)
				SetLoadedEditorAssemblies (1ms)
				RefreshPlugins (1ms)
				BeforeProcessingInitializeOnLoad (48ms)
				ProcessInitializeOnLoadAttributes (151ms)
				ProcessInitializeOnLoadMethodAttributes (16ms)
				AfterProcessingInitializeOnLoad (2ms)
				EditorAssembliesLoaded (0ms)
			ExecutionOrderSort2 (0ms)
			AwakeInstancesAfterBackupRestoration (5ms)
Platform modules already initialized, skipping
Refreshing native plugins compatible for Editor in 1.24 ms, found 3 plugins.
Preloading 0 native plugins for Editor in 0.00 ms.
Unloading 3045 Unused Serialized files (Serialized files now loaded: 0)
Unloading 17 unused Assets / (80.6 KB). Loaded Objects now: 3550.
Memory consumption went from 199.1 MB to 199.0 MB.
Total: 2.175800 ms (FindLiveObjects: 0.233500 ms CreateObjectMapping: 0.146800 ms MarkObjects: 1.722400 ms  DeleteObjects: 0.072000 ms)

AssetImportParameters requested are different than current active one (requested -> active):
  custom:video-decoder-ogg-theora: a1e56fd34408186e4bbccfd4996cb3dc -> 
  custom:container-muxer-webm: aa71ff27fc2769a1b78a27578f13a17b -> 
  custom:container-demuxer-webm: 4f35f7cbe854078d1ac9338744f61a02 -> 
  custom:video-encoder-webm-vp8: eb34c28f22e8b96e1ab97ce403110664 -> 
  custom:video-codec-MediaFoundation-h265: 746d11721c4dcdbdad8f713fa42b33f4 -> 
  custom:audio-encoder-webm-vorbis: bf7c407c2cedff20999df2af8eb42d56 -> 
  custom:framework-win-MediaFoundation: 216162199b28c13a410421893ffa2e32 -> 
  custom:container-demuxer-ogg: 62fdf1f143b41e24485cea50d1cbac27 -> 
  custom:video-decoder-webm-vp8: 9c59270c3fd7afecdb556c50c9e8de78 -> 
  custom:audio-decoder-ogg-vorbis: bf7c407c2cedff20999df2af8eb42d56 -> 
========================================================================
Received Import Request.
  Time since last request: 413.530181 seconds.
  path: Assets/UnityTechnologies/3DBeginnerTutorial/Scripts/PlayerMovement.cs
  artifactKey: Guid(7d981e945d9033949bdf628e0e95ef8a) Importer(815301076,1909f56bfc062723c751e8b465ee728b)
Start importing Assets/UnityTechnologies/3DBeginnerTutorial/Scripts/PlayerMovement.cs using Guid(7d981e945d9033949bdf628e0e95ef8a) Importer(815301076,1909f56bfc062723c751e8b465ee728b)  -> (artifact id: 'b6a4ea64edf2b92e184b52325a92852f') in 0.006431 seconds 
========================================================================
Received Prepare
Registering precompiled user dll's ...
Registered in 0.003684 seconds.
Begin MonoManager ReloadAssembly
Symbol file LoadedFromMemory doesn't match image D:\my\mygame\Library\PackageCache\com.unity.visualscripting@1.8.0\Editor\VisualScripting.Core\Dependencies\YamlDotNet\Unity.VisualScripting.YamlDotNet.dll
Symbol file LoadedFromMemory doesn't match image D:\my\mygame\Library\PackageCache\com.unity.visualscripting@1.8.0\Editor\VisualScripting.Core\Dependencies\DotNetZip\Unity.VisualScripting.IonicZip.dll
Native extension for WindowsStandalone target not found
Native extension for Android target not found
Native extension for WebGL target not found
Refreshing native plugins compatible for Editor in 0.46 ms, found 3 plugins.
Preloading 0 native plugins for Editor in 0.00 ms.
Mono: successfully reloaded assembly
- Completed reload, in  0.734 seconds
Domain Reload Profiling:
	ReloadAssembly (735ms)
		BeginReloadAssembly (109ms)
			ExecutionOrderSort (0ms)
			DisableScriptedObjects (5ms)
			BackupInstance (0ms)
			ReleaseScriptingObjects (0ms)
			CreateAndSetChildDomain (24ms)
		EndReloadAssembly (557ms)
			LoadAssemblies (69ms)
			RebuildTransferFunctionScriptingTraits (0ms)
			SetupTypeCache (216ms)
			ReleaseScriptCaches (1ms)
			RebuildScriptCaches (32ms)
			SetupLoadedEditorAssemblies (215ms)
				LogAssemblyErrors (0ms)
				InitializePlatformSupportModulesInManaged (13ms)
				SetLoadedEditorAssemblies (0ms)
				RefreshPlugins (1ms)
				BeforeProcessingInitializeOnLoad (45ms)
				ProcessInitializeOnLoadAttributes (140ms)
				ProcessInitializeOnLoadMethodAttributes (14ms)
				AfterProcessingInitializeOnLoad (2ms)
				EditorAssembliesLoaded (0ms)
			ExecutionOrderSort2 (0ms)
			AwakeInstancesAfterBackupRestoration (4ms)
Platform modules already initialized, skipping
Refreshing native plugins compatible for Editor in 1.20 ms, found 3 plugins.
Preloading 0 native plugins for Editor in 0.00 ms.
Unloading 3046 Unused Serialized files (Serialized files now loaded: 0)
Unloading 17 unused Assets / (80.6 KB). Loaded Objects now: 3554.
Memory consumption went from 199.1 MB to 199.1 MB.
Total: 2.092200 ms (FindLiveObjects: 0.214600 ms CreateObjectMapping: 0.111800 ms MarkObjects: 1.704700 ms  DeleteObjects: 0.060500 ms)

AssetImportParameters requested are different than current active one (requested -> active):
  custom:video-decoder-ogg-theora: a1e56fd34408186e4bbccfd4996cb3dc -> 
  custom:container-muxer-webm: aa71ff27fc2769a1b78a27578f13a17b -> 
  custom:container-demuxer-webm: 4f35f7cbe854078d1ac9338744f61a02 -> 
  custom:video-encoder-webm-vp8: eb34c28f22e8b96e1ab97ce403110664 -> 
  custom:video-codec-MediaFoundation-h265: 746d11721c4dcdbdad8f713fa42b33f4 -> 
  custom:audio-encoder-webm-vorbis: bf7c407c2cedff20999df2af8eb42d56 -> 
  custom:framework-win-MediaFoundation: 216162199b28c13a410421893ffa2e32 -> 
  custom:container-demuxer-ogg: 62fdf1f143b41e24485cea50d1cbac27 -> 
  custom:video-decoder-webm-vp8: 9c59270c3fd7afecdb556c50c9e8de78 -> 
  custom:audio-decoder-ogg-vorbis: bf7c407c2cedff20999df2af8eb42d56 -> 
========================================================================
Received Import Request.
  Time since last request: 26.817290 seconds.
  path: Assets/UnityTechnologies/3DBeginnerTutorial/Scripts/PlayerMovement.cs
  artifactKey: Guid(7d981e945d9033949bdf628e0e95ef8a) Importer(815301076,1909f56bfc062723c751e8b465ee728b)
Start importing Assets/UnityTechnologies/3DBeginnerTutorial/Scripts/PlayerMovement.cs using Guid(7d981e945d9033949bdf628e0e95ef8a) Importer(815301076,1909f56bfc062723c751e8b465ee728b)  -> (artifact id: 'ed1b2c12f50f545f8144395184da11c4') in 0.004977 seconds 
========================================================================
Received Import Request.
  Time since last request: 13.054913 seconds.
  path: Assets/UnityTechnologies/3DBeginnerTutorial/Scripts/PlayerMovement.cs
  artifactKey: Guid(7d981e945d9033949bdf628e0e95ef8a) Importer(815301076,1909f56bfc062723c751e8b465ee728b)
Start importing Assets/UnityTechnologies/3DBeginnerTutorial/Scripts/PlayerMovement.cs using Guid(7d981e945d9033949bdf628e0e95ef8a) Importer(815301076,1909f56bfc062723c751e8b465ee728b)  -> (artifact id: 'e4083b73a2a3b55fe10edc680006d781') in 0.000915 seconds 
========================================================================
Received Import Request.
  Time since last request: 8.530001 seconds.
  path: Assets/UnityTechnologies/3DBeginnerTutorial/Scripts/PlayerMovement.cs
  artifactKey: Guid(7d981e945d9033949bdf628e0e95ef8a) Importer(815301076,1909f56bfc062723c751e8b465ee728b)
Start importing Assets/UnityTechnologies/3DBeginnerTutorial/Scripts/PlayerMovement.cs using Guid(7d981e945d9033949bdf628e0e95ef8a) Importer(815301076,1909f56bfc062723c751e8b465ee728b)  -> (artifact id: '91a66fcb6c01339ddf8cfacca8ac4cea') in 0.000947 seconds 
========================================================================
Received Import Request.
  Time since last request: 1.702859 seconds.
  path: Assets/UnityTechnologies/3DBeginnerTutorial/Scripts/PlayerMovement.cs
  artifactKey: Guid(7d981e945d9033949bdf628e0e95ef8a) Importer(815301076,1909f56bfc062723c751e8b465ee728b)
Start importing Assets/UnityTechnologies/3DBeginnerTutorial/Scripts/PlayerMovement.cs using Guid(7d981e945d9033949bdf628e0e95ef8a) Importer(815301076,1909f56bfc062723c751e8b465ee728b)  -> (artifact id: '5dc0eef7bc14768d1ac617234f69d2bb') in 0.000909 seconds 
========================================================================
Received Import Request.
  Time since last request: 13.799455 seconds.
  path: Assets/UnityTechnologies/3DBeginnerTutorial/Scripts/PlayerMovement.cs
  artifactKey: Guid(7d981e945d9033949bdf628e0e95ef8a) Importer(815301076,1909f56bfc062723c751e8b465ee728b)
Start importing Assets/UnityTechnologies/3DBeginnerTutorial/Scripts/PlayerMovement.cs using Guid(7d981e945d9033949bdf628e0e95ef8a) Importer(815301076,1909f56bfc062723c751e8b465ee728b)  -> (artifact id: '52904367e9f9abcb01d8b8b056acae58') in 0.000950 seconds 
========================================================================
Received Import Request.
  Time since last request: 3.849949 seconds.
  path: Assets/UnityTechnologies/3DBeginnerTutorial/Scripts/PlayerMovement.cs
  artifactKey: Guid(7d981e945d9033949bdf628e0e95ef8a) Importer(815301076,1909f56bfc062723c751e8b465ee728b)
Start importing Assets/UnityTechnologies/3DBeginnerTutorial/Scripts/PlayerMovement.cs using Guid(7d981e945d9033949bdf628e0e95ef8a) Importer(815301076,1909f56bfc062723c751e8b465ee728b)  -> (artifact id: '7fb5b9a30fcc2a34b370310c485703b7') in 0.000992 seconds 
========================================================================
Received Import Request.
  Time since last request: 15.640025 seconds.
  path: Assets/UnityTechnologies/3DBeginnerTutorial/Scripts/PlayerMovement.cs
  artifactKey: Guid(7d981e945d9033949bdf628e0e95ef8a) Importer(815301076,1909f56bfc062723c751e8b465ee728b)
Start importing Assets/UnityTechnologies/3DBeginnerTutorial/Scripts/PlayerMovement.cs using Guid(7d981e945d9033949bdf628e0e95ef8a) Importer(815301076,1909f56bfc062723c751e8b465ee728b)  -> (artifact id: '8ff0779585c62ff4a5fb8ccce4bbe464') in 0.000958 seconds 
========================================================================
Received Import Request.
  Time since last request: 6.392917 seconds.
  path: Assets/UnityTechnologies/3DBeginnerTutorial/Scripts/PlayerMovement.cs
  artifactKey: Guid(7d981e945d9033949bdf628e0e95ef8a) Importer(815301076,1909f56bfc062723c751e8b465ee728b)
Start importing Assets/UnityTechnologies/3DBeginnerTutorial/Scripts/PlayerMovement.cs using Guid(7d981e945d9033949bdf628e0e95ef8a) Importer(815301076,1909f56bfc062723c751e8b465ee728b)  -> (artifact id: 'ed06e5720c9896b71f668894717cd795') in 0.000895 seconds 
========================================================================
Received Import Request.
  Time since last request: 6.245738 seconds.
  path: Assets/UnityTechnologies/3DBeginnerTutorial/Scripts/PlayerMovement.cs
  artifactKey: Guid(7d981e945d9033949bdf628e0e95ef8a) Importer(815301076,1909f56bfc062723c751e8b465ee728b)
Start importing Assets/UnityTechnologies/3DBeginnerTutorial/Scripts/PlayerMovement.cs using Guid(7d981e945d9033949bdf628e0e95ef8a) Importer(815301076,1909f56bfc062723c751e8b465ee728b)  -> (artifact id: '3cd157b3cbe6f6a745e0c4afe53437c4') in 0.000933 seconds 
========================================================================
Received Import Request.
  Time since last request: 1.205002 seconds.
  path: Assets/UnityTechnologies/3DBeginnerTutorial/Scripts/PlayerMovement.cs
  artifactKey: Guid(7d981e945d9033949bdf628e0e95ef8a) Importer(815301076,1909f56bfc062723c751e8b465ee728b)
Start importing Assets/UnityTechnologies/3DBeginnerTutorial/Scripts/PlayerMovement.cs using Guid(7d981e945d9033949bdf628e0e95ef8a) Importer(815301076,1909f56bfc062723c751e8b465ee728b)  -> (artifact id: '6ed64e691ee8d432bcd8a4d633c53887') in 0.000984 seconds 
========================================================================
Received Import Request.
  Time since last request: 15.983414 seconds.
  path: Assets/UnityTechnologies/3DBeginnerTutorial/Scripts/PlayerMovement.cs
  artifactKey: Guid(7d981e945d9033949bdf628e0e95ef8a) Importer(815301076,1909f56bfc062723c751e8b465ee728b)
Start importing Assets/UnityTechnologies/3DBeginnerTutorial/Scripts/PlayerMovement.cs using Guid(7d981e945d9033949bdf628e0e95ef8a) Importer(815301076,1909f56bfc062723c751e8b465ee728b)  -> (artifact id: 'adb83742b32b8ca0f0fb3aea1dec98f9') in 0.000971 seconds 
========================================================================
Received Import Request.
  Time since last request: 6.829804 seconds.
  path: Assets/UnityTechnologies/3DBeginnerTutorial/Scripts/PlayerMovement.cs
  artifactKey: Guid(7d981e945d9033949bdf628e0e95ef8a) Importer(815301076,1909f56bfc062723c751e8b465ee728b)
Start importing Assets/UnityTechnologies/3DBeginnerTutorial/Scripts/PlayerMovement.cs using Guid(7d981e945d9033949bdf628e0e95ef8a) Importer(815301076,1909f56bfc062723c751e8b465ee728b)  -> (artifact id: '5b95cb54cc9aa9f3b7e465e492457358') in 0.000878 seconds 
========================================================================
Received Import Request.
  Time since last request: 3.691673 seconds.
  path: Assets/UnityTechnologies/3DBeginnerTutorial/Scripts/PlayerMovement.cs
  artifactKey: Guid(7d981e945d9033949bdf628e0e95ef8a) Importer(815301076,1909f56bfc062723c751e8b465ee728b)
Start importing Assets/UnityTechnologies/3DBeginnerTutorial/Scripts/PlayerMovement.cs using Guid(7d981e945d9033949bdf628e0e95ef8a) Importer(815301076,1909f56bfc062723c751e8b465ee728b)  -> (artifact id: '371acf831d00d5312dc4dd462217ddce') in 0.000985 seconds 
========================================================================
Received Import Request.
  Time since last request: 13.651247 seconds.
  path: Assets/UnityTechnologies/3DBeginnerTutorial/Scripts/PlayerMovement.cs
  artifactKey: Guid(7d981e945d9033949bdf628e0e95ef8a) Importer(815301076,1909f56bfc062723c751e8b465ee728b)
Start importing Assets/UnityTechnologies/3DBeginnerTutorial/Scripts/PlayerMovement.cs using Guid(7d981e945d9033949bdf628e0e95ef8a) Importer(815301076,1909f56bfc062723c751e8b465ee728b)  -> (artifact id: '9a4db58218b9adec21f55b46b8621dc3') in 0.000967 seconds 
========================================================================
Received Import Request.
  Time since last request: 9.183604 seconds.
  path: Assets/UnityTechnologies/3DBeginnerTutorial/Scripts/PlayerMovement.cs
  artifactKey: Guid(7d981e945d9033949bdf628e0e95ef8a) Importer(815301076,1909f56bfc062723c751e8b465ee728b)
Start importing Assets/UnityTechnologies/3DBeginnerTutorial/Scripts/PlayerMovement.cs using Guid(7d981e945d9033949bdf628e0e95ef8a) Importer(815301076,1909f56bfc062723c751e8b465ee728b)  -> (artifact id: '1860bd404d954d15145eb90173263d4c') in 0.000927 seconds 
========================================================================
Received Import Request.
  Time since last request: 9.979388 seconds.
  path: Assets/UnityTechnologies/3DBeginnerTutorial/Scripts/PlayerMovement.cs
  artifactKey: Guid(7d981e945d9033949bdf628e0e95ef8a) Importer(815301076,1909f56bfc062723c751e8b465ee728b)
Start importing Assets/UnityTechnologies/3DBeginnerTutorial/Scripts/PlayerMovement.cs using Guid(7d981e945d9033949bdf628e0e95ef8a) Importer(815301076,1909f56bfc062723c751e8b465ee728b)  -> (artifact id: 'a71efa21925a7c64850b87fac690be98') in 0.001053 seconds 
========================================================================
Received Import Request.
  Time since last request: 10.053940 seconds.
  path: Assets/UnityTechnologies/3DBeginnerTutorial/Scripts/PlayerMovement.cs
  artifactKey: Guid(7d981e945d9033949bdf628e0e95ef8a) Importer(815301076,1909f56bfc062723c751e8b465ee728b)
Start importing Assets/UnityTechnologies/3DBeginnerTutorial/Scripts/PlayerMovement.cs using Guid(7d981e945d9033949bdf628e0e95ef8a) Importer(815301076,1909f56bfc062723c751e8b465ee728b)  -> (artifact id: '0346f89d1904b165c1f67f2d978c16a4') in 0.000910 seconds 
========================================================================
Received Import Request.
  Time since last request: 7.620831 seconds.
  path: Assets/UnityTechnologies/3DBeginnerTutorial/Scripts/PlayerMovement.cs
  artifactKey: Guid(7d981e945d9033949bdf628e0e95ef8a) Importer(815301076,1909f56bfc062723c751e8b465ee728b)
Start importing Assets/UnityTechnologies/3DBeginnerTutorial/Scripts/PlayerMovement.cs using Guid(7d981e945d9033949bdf628e0e95ef8a) Importer(815301076,1909f56bfc062723c751e8b465ee728b)  -> (artifact id: '9c15e906a1b0a94085229a8963d0f23a') in 0.000902 seconds 
========================================================================
Received Import Request.
  Time since last request: 6.272116 seconds.
  path: Assets/UnityTechnologies/3DBeginnerTutorial/Scripts/PlayerMovement.cs
  artifactKey: Guid(7d981e945d9033949bdf628e0e95ef8a) Importer(815301076,1909f56bfc062723c751e8b465ee728b)
Start importing Assets/UnityTechnologies/3DBeginnerTutorial/Scripts/PlayerMovement.cs using Guid(7d981e945d9033949bdf628e0e95ef8a) Importer(815301076,1909f56bfc062723c751e8b465ee728b)  -> (artifact id: 'd4df98771e4993ff1648feff79b2a888') in 0.000916 seconds 
========================================================================
Received Import Request.
  Time since last request: 6.473547 seconds.
  path: Assets/UnityTechnologies/3DBeginnerTutorial/Scripts/PlayerMovement.cs
  artifactKey: Guid(7d981e945d9033949bdf628e0e95ef8a) Importer(815301076,1909f56bfc062723c751e8b465ee728b)
Start importing Assets/UnityTechnologies/3DBeginnerTutorial/Scripts/PlayerMovement.cs using Guid(7d981e945d9033949bdf628e0e95ef8a) Importer(815301076,1909f56bfc062723c751e8b465ee728b)  -> (artifact id: '1ebd7b376c49984de0380053012f7b2a') in 0.000930 seconds 
========================================================================
Received Import Request.
  Time since last request: 7.049360 seconds.
  path: Assets/UnityTechnologies/3DBeginnerTutorial/Scripts/PlayerMovement.cs
  artifactKey: Guid(7d981e945d9033949bdf628e0e95ef8a) Importer(815301076,1909f56bfc062723c751e8b465ee728b)
Start importing Assets/UnityTechnologies/3DBeginnerTutorial/Scripts/PlayerMovement.cs using Guid(7d981e945d9033949bdf628e0e95ef8a) Importer(815301076,1909f56bfc062723c751e8b465ee728b)  -> (artifact id: '0e9dead4d7ee513486001ccd226d50a0') in 0.000908 seconds 
========================================================================
Received Import Request.
  Time since last request: 8.822495 seconds.
  path: Assets/UnityTechnologies/3DBeginnerTutorial/Scripts/PlayerMovement.cs
  artifactKey: Guid(7d981e945d9033949bdf628e0e95ef8a) Importer(815301076,1909f56bfc062723c751e8b465ee728b)
Start importing Assets/UnityTechnologies/3DBeginnerTutorial/Scripts/PlayerMovement.cs using Guid(7d981e945d9033949bdf628e0e95ef8a) Importer(815301076,1909f56bfc062723c751e8b465ee728b)  -> (artifact id: '7330158a277b61e991c69b26e3274b64') in 0.000887 seconds 
========================================================================
Received Import Request.
  Time since last request: 2.151223 seconds.
  path: Assets/UnityTechnologies/3DBeginnerTutorial/Scripts/PlayerMovement.cs
  artifactKey: Guid(7d981e945d9033949bdf628e0e95ef8a) Importer(815301076,1909f56bfc062723c751e8b465ee728b)
Start importing Assets/UnityTechnologies/3DBeginnerTutorial/Scripts/PlayerMovement.cs using Guid(7d981e945d9033949bdf628e0e95ef8a) Importer(815301076,1909f56bfc062723c751e8b465ee728b)  -> (artifact id: '00000000000000000000000000000000') in 0.000230 seconds  code(4) message(Build asset version error: assets/unitytechnologies/3dbeginnertutorial/scripts/playermovement.cs in SourceAssetDB has modification time of '2023-04-18T06:14:29.158664Z' while content on disk has modification time of '2023-04-18T06:14:29.2637075Z')
  ERROR: Build asset version error: assets/unitytechnologies/3dbeginnertutorial/scripts/playermovement.cs in SourceAssetDB has modification time of '2023-04-18T06:14:29.158664Z' while content on disk has modification time of '2023-04-18T06:14:29.2637075Z'
========================================================================
Received Import Request.
  Time since last request: 12.069708 seconds.
  path: Assets/UnityTechnologies/3DBeginnerTutorial/Scripts/PlayerMovement.cs
  artifactKey: Guid(7d981e945d9033949bdf628e0e95ef8a) Importer(815301076,1909f56bfc062723c751e8b465ee728b)
Start importing Assets/UnityTechnologies/3DBeginnerTutorial/Scripts/PlayerMovement.cs using Guid(7d981e945d9033949bdf628e0e95ef8a) Importer(815301076,1909f56bfc062723c751e8b465ee728b)  -> (artifact id: 'af0e683253ce88b30e6f7bb7c4cb868f') in 0.000894 seconds 
========================================================================
Received Import Request.
  Time since last request: 15.410782 seconds.
  path: Assets/UnityTechnologies/3DBeginnerTutorial/Scripts/PlayerMovement.cs
  artifactKey: Guid(7d981e945d9033949bdf628e0e95ef8a) Importer(815301076,1909f56bfc062723c751e8b465ee728b)
Start importing Assets/UnityTechnologies/3DBeginnerTutorial/Scripts/PlayerMovement.cs using Guid(7d981e945d9033949bdf628e0e95ef8a) Importer(815301076,1909f56bfc062723c751e8b465ee728b)  -> (artifact id: '0ecae49c0b5191c7918ac30dfb03d574') in 0.000923 seconds 
========================================================================
Received Import Request.
  Time since last request: 13.977175 seconds.
  path: Assets/UnityTechnologies/3DBeginnerTutorial/Scripts/PlayerMovement.cs
  artifactKey: Guid(7d981e945d9033949bdf628e0e95ef8a) Importer(815301076,1909f56bfc062723c751e8b465ee728b)
Start importing Assets/UnityTechnologies/3DBeginnerTutorial/Scripts/PlayerMovement.cs using Guid(7d981e945d9033949bdf628e0e95ef8a) Importer(815301076,1909f56bfc062723c751e8b465ee728b)  -> (artifact id: '1bd72cfc805f75903c7287dbcf4128f6') in 0.000965 seconds 
========================================================================
Received Prepare
Registering precompiled user dll's ...
Registered in 0.003564 seconds.
Begin MonoManager ReloadAssembly
Symbol file LoadedFromMemory doesn't match image D:\my\mygame\Library\PackageCache\com.unity.visualscripting@1.8.0\Editor\VisualScripting.Core\Dependencies\YamlDotNet\Unity.VisualScripting.YamlDotNet.dll
Symbol file LoadedFromMemory doesn't match image D:\my\mygame\Library\PackageCache\com.unity.visualscripting@1.8.0\Editor\VisualScripting.Core\Dependencies\DotNetZip\Unity.VisualScripting.IonicZip.dll
Native extension for WindowsStandalone target not found
Native extension for Android target not found
Native extension for WebGL target not found
Refreshing native plugins compatible for Editor in 0.45 ms, found 3 plugins.
Preloading 0 native plugins for Editor in 0.00 ms.
Mono: successfully reloaded assembly
- Completed reload, in  0.701 seconds
Domain Reload Profiling:
	ReloadAssembly (701ms)
		BeginReloadAssembly (109ms)
			ExecutionOrderSort (0ms)
			DisableScriptedObjects (5ms)
			BackupInstance (0ms)
			ReleaseScriptingObjects (0ms)
			CreateAndSetChildDomain (25ms)
		EndReloadAssembly (524ms)
			LoadAssemblies (69ms)
			RebuildTransferFunctionScriptingTraits (0ms)
			SetupTypeCache (192ms)
			ReleaseScriptCaches (1ms)
			RebuildScriptCaches (29ms)
			SetupLoadedEditorAssemblies (214ms)
				LogAssemblyErrors (0ms)
				InitializePlatformSupportModulesInManaged (13ms)
				SetLoadedEditorAssemblies (1ms)
				RefreshPlugins (0ms)
				BeforeProcessingInitializeOnLoad (45ms)
				ProcessInitializeOnLoadAttributes (138ms)
				ProcessInitializeOnLoadMethodAttributes (15ms)
				AfterProcessingInitializeOnLoad (2ms)
				EditorAssembliesLoaded (0ms)
			ExecutionOrderSort2 (0ms)
			AwakeInstancesAfterBackupRestoration (5ms)
Platform modules already initialized, skipping
Refreshing native plugins compatible for Editor in 1.22 ms, found 3 plugins.
Preloading 0 native plugins for Editor in 0.00 ms.
Unloading 3046 Unused Serialized files (Serialized files now loaded: 0)
Unloading 17 unused Assets / (80.7 KB). Loaded Objects now: 3557.
Memory consumption went from 199.2 MB to 199.1 MB.
Total: 2.391400 ms (FindLiveObjects: 0.313800 ms CreateObjectMapping: 0.227100 ms MarkObjects: 1.783700 ms  DeleteObjects: 0.066200 ms)

AssetImportParameters requested are different than current active one (requested -> active):
  custom:video-decoder-ogg-theora: a1e56fd34408186e4bbccfd4996cb3dc -> 
  custom:container-muxer-webm: aa71ff27fc2769a1b78a27578f13a17b -> 
  custom:container-demuxer-webm: 4f35f7cbe854078d1ac9338744f61a02 -> 
  custom:video-encoder-webm-vp8: eb34c28f22e8b96e1ab97ce403110664 -> 
  custom:video-codec-MediaFoundation-h265: 746d11721c4dcdbdad8f713fa42b33f4 -> 
  custom:audio-encoder-webm-vorbis: bf7c407c2cedff20999df2af8eb42d56 -> 
  custom:framework-win-MediaFoundation: 216162199b28c13a410421893ffa2e32 -> 
  custom:container-demuxer-ogg: 62fdf1f143b41e24485cea50d1cbac27 -> 
  custom:video-decoder-webm-vp8: 9c59270c3fd7afecdb556c50c9e8de78 -> 
  custom:audio-decoder-ogg-vorbis: bf7c407c2cedff20999df2af8eb42d56 -> 
========================================================================
Received Import Request.
  Time since last request: 326.473057 seconds.
  path: Assets/UnityTechnologies/3DBeginnerTutorial/Prefabs/New Lighting Settings.lighting
  artifactKey: Guid(5d6281e9f0d2da447b8b438a66fe85a6) Importer(815301076,1909f56bfc062723c751e8b465ee728b)
Start importing Assets/UnityTechnologies/3DBeginnerTutorial/Prefabs/New Lighting Settings.lighting using Guid(5d6281e9f0d2da447b8b438a66fe85a6) Importer(815301076,1909f56bfc062723c751e8b465ee728b)  -> (artifact id: '680c4f5f963ebdf0d39b4fda5ca86825') in 0.022709 seconds 
========================================================================
Received Import Request.
  Time since last request: 39.754558 seconds.
  path: Assets/UnityTechnologies/3DBeginnerTutorial/Art/Materials/Corridor/Rugs.mat
  artifactKey: Guid(f5b8db6c5de6a6a4984f8dd09c302b59) Importer(815301076,1909f56bfc062723c751e8b465ee728b)
Start importing Assets/UnityTechnologies/3DBeginnerTutorial/Art/Materials/Corridor/Rugs.mat using Guid(f5b8db6c5de6a6a4984f8dd09c302b59) Importer(815301076,1909f56bfc062723c751e8b465ee728b)  -> (artifact id: '54c66369d9e9efce310870efbe2d2820') in 0.063449 seconds 
========================================================================
Received Import Request.
  Time since last request: 0.000017 seconds.
  path: Assets/UnityTechnologies/3DBeginnerTutorial/Art/Materials/VFX/WaterDropSmall.mat
  artifactKey: Guid(c4d4365c3eeb8a54183f5af15699021d) Importer(815301076,1909f56bfc062723c751e8b465ee728b)
Start importing Assets/UnityTechnologies/3DBeginnerTutorial/Art/Materials/VFX/WaterDropSmall.mat using Guid(c4d4365c3eeb8a54183f5af15699021d) Importer(815301076,1909f56bfc062723c751e8b465ee728b)  -> (artifact id: '465a92fcd9f20a9da71b72a925a292a9') in 0.018923 seconds 
========================================================================
Received Import Request.
  Time since last request: 0.000021 seconds.
  path: Assets/UnityTechnologies/3DBeginnerTutorial/Art/Materials/BedRoom/Wall_Bedroom.mat
  artifactKey: Guid(a1d7f57e6086c9a4bb159a2e0cfb2228) Importer(815301076,1909f56bfc062723c751e8b465ee728b)
Start importing Assets/UnityTechnologies/3DBeginnerTutorial/Art/Materials/BedRoom/Wall_Bedroom.mat using Guid(a1d7f57e6086c9a4bb159a2e0cfb2228) Importer(815301076,1909f56bfc062723c751e8b465ee728b)  -> (artifact id: '0f06f209a76b3ae1eda01bd6a4abb4a2') in 0.022560 seconds 
========================================================================
Received Import Request.
  Time since last request: 0.000011 seconds.
  path: Assets/UnityTechnologies/3DBeginnerTutorial/Art/Materials/DiningRoom/Wall_Diningroom.mat
  artifactKey: Guid(af5618451dbad9c4a913f502e5c7df1e) Importer(815301076,1909f56bfc062723c751e8b465ee728b)
Start importing Assets/UnityTechnologies/3DBeginnerTutorial/Art/Materials/DiningRoom/Wall_Diningroom.mat using Guid(af5618451dbad9c4a913f502e5c7df1e) Importer(815301076,1909f56bfc062723c751e8b465ee728b)  -> (artifact id: 'fc886b688aebc2349b570dd61fc17dd8') in 0.013159 seconds 
========================================================================
Received Import Request.
  Time since last request: 0.000013 seconds.
  path: Assets/UnityTechnologies/3DBeginnerTutorial/Art/Models/Corridor/Wall_Straight_02.fbx
  artifactKey: Guid(241f3dc7f2ed74d40a90ce43df5e2f23) Importer(815301076,1909f56bfc062723c751e8b465ee728b)
Start importing Assets/UnityTechnologies/3DBeginnerTutorial/Art/Models/Corridor/Wall_Straight_02.fbx using Guid(241f3dc7f2ed74d40a90ce43df5e2f23) Importer(815301076,1909f56bfc062723c751e8b465ee728b)  -> (artifact id: '1db1faed8c3b07136b381b3e72e08760') in 0.049353 seconds 
========================================================================
Received Import Request.
  Time since last request: 0.000022 seconds.
  path: Assets/UnityTechnologies/3DBeginnerTutorial/Art/Materials/DiningRoom/Table.mat
  artifactKey: Guid(147dac9aa1b5dd149a5ad652019e5ac8) Importer(815301076,1909f56bfc062723c751e8b465ee728b)
Start importing Assets/UnityTechnologies/3DBeginnerTutorial/Art/Materials/DiningRoom/Table.mat using Guid(147dac9aa1b5dd149a5ad652019e5ac8) Importer(815301076,1909f56bfc062723c751e8b465ee728b)  -> (artifact id: 'f516393fcca0d70bd7ead5d6619ace6f') in 0.018242 seconds 
========================================================================
Received Import Request.
  Time since last request: 0.000026 seconds.
  path: Assets/UnityTechnologies/3DBeginnerTutorial/Art/Materials/Bathroom/Wall_Bathroom.mat
  artifactKey: Guid(785750043eaf5004da3d0b54f39941c1) Importer(815301076,1909f56bfc062723c751e8b465ee728b)
Start importing Assets/UnityTechnologies/3DBeginnerTutorial/Art/Materials/Bathroom/Wall_Bathroom.mat using Guid(785750043eaf5004da3d0b54f39941c1) Importer(815301076,1909f56bfc062723c751e8b465ee728b)  -> (artifact id: '641fd20db761cec37932e10086d971a8') in 0.015655 seconds 
========================================================================
Received Import Request.
  Time since last request: 0.000035 seconds.
  path: Assets/UnityTechnologies/3DBeginnerTutorial/Art/Models/Corridor/Wall_Corner_Exterior_In.fbx
  artifactKey: Guid(ce7c02c9dadf6a6469afbcc32ab786ca) Importer(815301076,1909f56bfc062723c751e8b465ee728b)
Start importing Assets/UnityTechnologies/3DBeginnerTutorial/Art/Models/Corridor/Wall_Corner_Exterior_In.fbx using Guid(ce7c02c9dadf6a6469afbcc32ab786ca) Importer(815301076,1909f56bfc062723c751e8b465ee728b)  -> (artifact id: '06215b5be98f7bd434ec9b3ec2518307') in 0.015709 seconds 
========================================================================
Received Import Request.
  Time since last request: 0.000014 seconds.
  path: Assets/UnityTechnologies/3DBeginnerTutorial/Art/Materials/VFX/Splash.mat
  artifactKey: Guid(e9f88b6d5b7b7f24c8b3dc6b70f06653) Importer(815301076,1909f56bfc062723c751e8b465ee728b)
Start importing Assets/UnityTechnologies/3DBeginnerTutorial/Art/Materials/VFX/Splash.mat using Guid(e9f88b6d5b7b7f24c8b3dc6b70f06653) Importer(815301076,1909f56bfc062723c751e8b465ee728b)  -> (artifact id: '16026901051bf25334fee37c0a42a6e2') in 1.382377 seconds 
========================================================================
Received Import Request.
  Time since last request: 0.231642 seconds.
  path: Assets/UnityTechnologies/3DBeginnerTutorial/Art/Materials/Corridor/Light_Glass.mat
  artifactKey: Guid(d50d52e4c69a3cf45bf45594297ca6c4) Importer(815301076,1909f56bfc062723c751e8b465ee728b)
Start importing Assets/UnityTechnologies/3DBeginnerTutorial/Art/Materials/Corridor/Light_Glass.mat using Guid(d50d52e4c69a3cf45bf45594297ca6c4) Importer(815301076,1909f56bfc062723c751e8b465ee728b)  -> (artifact id: '3de31eb4cd2bb3978812170b14511a36') in 0.014182 seconds 
========================================================================
Received Import Request.
  Time since last request: 0.000017 seconds.
  path: Assets/UnityTechnologies/3DBeginnerTutorial/Art/Materials/Bathroom/Pipes.mat
  artifactKey: Guid(b1512eb4ac821d144a9ed308b1f32108) Importer(815301076,1909f56bfc062723c751e8b465ee728b)
Start importing Assets/UnityTechnologies/3DBeginnerTutorial/Art/Materials/Bathroom/Pipes.mat using Guid(b1512eb4ac821d144a9ed308b1f32108) Importer(815301076,1909f56bfc062723c751e8b465ee728b)  -> (artifact id: '3dcddf8634915210f1a3294b9f60aab4') in 0.008615 seconds 
========================================================================
Received Import Request.
  Time since last request: 0.000021 seconds.
  path: Assets/UnityTechnologies/3DBeginnerTutorial/Art/Materials/DiningRoom/Monster_Lamp.mat
  artifactKey: Guid(a63ef733125d6e04394962301d501be9) Importer(815301076,1909f56bfc062723c751e8b465ee728b)
Start importing Assets/UnityTechnologies/3DBeginnerTutorial/Art/Materials/DiningRoom/Monster_Lamp.mat using Guid(a63ef733125d6e04394962301d501be9) Importer(815301076,1909f56bfc062723c751e8b465ee728b)  -> (artifact id: 'e90468f8ca675d2fcc589cd1464f1bd6') in 0.007982 seconds 
========================================================================
Received Import Request.
  Time since last request: 0.259014 seconds.
  path: Assets/UnityTechnologies/3DBeginnerTutorial/Art/Materials/Characters/Ghost.mat
  artifactKey: Guid(8f87494fdf66565419fa381814c5129b) Importer(815301076,1909f56bfc062723c751e8b465ee728b)
Start importing Assets/UnityTechnologies/3DBeginnerTutorial/Art/Materials/Characters/Ghost.mat using Guid(8f87494fdf66565419fa381814c5129b) Importer(815301076,1909f56bfc062723c751e8b465ee728b)  -> (artifact id: 'e76263b5a07b6545f45bdef7e4644cdb') in 0.015129 seconds 
========================================================================
Received Import Request.
  Time since last request: 0.000020 seconds.
  path: Assets/UnityTechnologies/3DBeginnerTutorial/Art/Models/Corridor/Wall_Corner_Interior.fbx
  artifactKey: Guid(9da5aa368549f3e4883e3ca4b3ed05b8) Importer(815301076,1909f56bfc062723c751e8b465ee728b)
Start importing Assets/UnityTechnologies/3DBeginnerTutorial/Art/Models/Corridor/Wall_Corner_Interior.fbx using Guid(9da5aa368549f3e4883e3ca4b3ed05b8) Importer(815301076,1909f56bfc062723c751e8b465ee728b)  -> (artifact id: '8210eb5790cade6edaa09d540fbb10f8') in 0.017502 seconds 
========================================================================
Received Import Request.
  Time since last request: 0.000015 seconds.
  path: Assets/UnityTechnologies/3DBeginnerTutorial/Art/Materials/Corridor/Light.mat
  artifactKey: Guid(f8576e77e5ebf4b49ae5475f634ed53b) Importer(815301076,1909f56bfc062723c751e8b465ee728b)
Start importing Assets/UnityTechnologies/3DBeginnerTutorial/Art/Materials/Corridor/Light.mat using Guid(f8576e77e5ebf4b49ae5475f634ed53b) Importer(815301076,1909f56bfc062723c751e8b465ee728b)  -> (artifact id: '66d036fe3769d7fc9ab3f55be479a625') in 0.009117 seconds 
========================================================================
Received Import Request.
  Time since last request: 0.000027 seconds.
  path: Assets/UnityTechnologies/3DBeginnerTutorial/Art/Materials/VFX/Emissive.mat
  artifactKey: Guid(effb672a2c71f0c40b7b1960d798968a) Importer(815301076,1909f56bfc062723c751e8b465ee728b)
Start importing Assets/UnityTechnologies/3DBeginnerTutorial/Art/Materials/VFX/Emissive.mat using Guid(effb672a2c71f0c40b7b1960d798968a) Importer(815301076,1909f56bfc062723c751e8b465ee728b)  -> (artifact id: 'f6f48f40d43e2af56dd5bdb66de70c9b') in 0.006599 seconds 
========================================================================
Received Import Request.
  Time since last request: 0.000023 seconds.
  path: Assets/UnityTechnologies/3DBeginnerTutorial/Art/Materials/DiningRoom/Fireplace.mat
  artifactKey: Guid(544283c42b7173849a938d1ac4cd9568) Importer(815301076,1909f56bfc062723c751e8b465ee728b)
Start importing Assets/UnityTechnologies/3DBeginnerTutorial/Art/Materials/DiningRoom/Fireplace.mat using Guid(544283c42b7173849a938d1ac4cd9568) Importer(815301076,1909f56bfc062723c751e8b465ee728b)  -> (artifact id: '08805b7b54b0ce068882a702292c1bb9') in 0.008173 seconds 
========================================================================
Received Import Request.
  Time since last request: 0.000018 seconds.
  path: Assets/UnityTechnologies/3DBeginnerTutorial/Art/Materials/Bathroom/Floor.mat
  artifactKey: Guid(8254b3265a6122b4d960969cacd74683) Importer(815301076,1909f56bfc062723c751e8b465ee728b)
Start importing Assets/UnityTechnologies/3DBeginnerTutorial/Art/Materials/Bathroom/Floor.mat using Guid(8254b3265a6122b4d960969cacd74683) Importer(815301076,1909f56bfc062723c751e8b465ee728b)  -> (artifact id: '370761bf2dd11a40e1a4f71e7e604e12') in 0.008700 seconds 
========================================================================
Received Import Request.
  Time since last request: 0.000021 seconds.
  path: Assets/UnityTechnologies/3DBeginnerTutorial/Art/Materials/Characters/Gargoyle.mat
  artifactKey: Guid(380abfdf82677234e922db7133b0e63c) Importer(815301076,1909f56bfc062723c751e8b465ee728b)
Start importing Assets/UnityTechnologies/3DBeginnerTutorial/Art/Materials/Characters/Gargoyle.mat using Guid(380abfdf82677234e922db7133b0e63c) Importer(815301076,1909f56bfc062723c751e8b465ee728b)  -> (artifact id: '6564b6c2833c5dc11991002933c604ac') in 0.010795 seconds 
========================================================================
Received Import Request.
  Time since last request: 0.000040 seconds.
  path: Assets/UnityTechnologies/3DBeginnerTutorial/Art/Materials/BedRoom/Floor.mat
  artifactKey: Guid(2bfd182a00290924abf99a86daf1e23c) Importer(815301076,1909f56bfc062723c751e8b465ee728b)
Start importing Assets/UnityTechnologies/3DBeginnerTutorial/Art/Materials/BedRoom/Floor.mat using Guid(2bfd182a00290924abf99a86daf1e23c) Importer(815301076,1909f56bfc062723c751e8b465ee728b)  -> (artifact id: '4809b4d6ee66dcb799d8eaf3cd121f97') in 0.010666 seconds 
========================================================================
Received Import Request.
  Time since last request: 0.000027 seconds.
  path: Assets/UnityTechnologies/3DBeginnerTutorial/Art/Materials/Corridor/Floor.mat
  artifactKey: Guid(059e99a55d1d3614ebfbdffbbe2e3e25) Importer(815301076,1909f56bfc062723c751e8b465ee728b)
Start importing Assets/UnityTechnologies/3DBeginnerTutorial/Art/Materials/Corridor/Floor.mat using Guid(059e99a55d1d3614ebfbdffbbe2e3e25) Importer(815301076,1909f56bfc062723c751e8b465ee728b)  -> (artifact id: '7bc8ac7b25230b91a0e137977c6894fb') in 0.009274 seconds 
========================================================================
Received Import Request.
  Time since last request: 0.000021 seconds.
  path: Assets/UnityTechnologies/3DBeginnerTutorial/Art/Materials/DiningRoom/Floor.mat
  artifactKey: Guid(060e5db52eac3d945bda1acfb5e7c4bb) Importer(815301076,1909f56bfc062723c751e8b465ee728b)
Start importing Assets/UnityTechnologies/3DBeginnerTutorial/Art/Materials/DiningRoom/Floor.mat using Guid(060e5db52eac3d945bda1acfb5e7c4bb) Importer(815301076,1909f56bfc062723c751e8b465ee728b)  -> (artifact id: '868470e7689d80be92091586f6c90d8d') in 0.009913 seconds 
========================================================================
Received Import Request.
  Time since last request: 0.056397 seconds.
  path: Assets/UnityTechnologies/3DBeginnerTutorial/Art/Models/Corridor/CeilingPlane.fbx
  artifactKey: Guid(4aa23393587d7204bbc9f4a30599bf61) Importer(815301076,1909f56bfc062723c751e8b465ee728b)
Start importing Assets/UnityTechnologies/3DBeginnerTutorial/Art/Models/Corridor/CeilingPlane.fbx using Guid(4aa23393587d7204bbc9f4a30599bf61) Importer(815301076,1909f56bfc062723c751e8b465ee728b)  -> (artifact id: 'f0d171d9eebdd72fc75b1efaf1c76a24') in 0.011812 seconds 
========================================================================
Received Import Request.
  Time since last request: 0.000026 seconds.
  path: Assets/UnityTechnologies/3DBeginnerTutorial/Art/Materials/BedRoom/Bedside.mat
  artifactKey: Guid(3c953e27c072d4148887dc773952671a) Importer(815301076,1909f56bfc062723c751e8b465ee728b)
Start importing Assets/UnityTechnologies/3DBeginnerTutorial/Art/Materials/BedRoom/Bedside.mat using Guid(3c953e27c072d4148887dc773952671a) Importer(815301076,1909f56bfc062723c751e8b465ee728b)  -> (artifact id: 'ac5d20633f1a99397d5e1203f2bbc244') in 0.008621 seconds 
========================================================================
Received Import Request.
  Time since last request: 0.000016 seconds.
  path: Assets/UnityTechnologies/3DBeginnerTutorial/Art/Materials/VFX/DustMote.mat
  artifactKey: Guid(e27a3e2f84809914fa5bf3a7ac14ce9f) Importer(815301076,1909f56bfc062723c751e8b465ee728b)
Start importing Assets/UnityTechnologies/3DBeginnerTutorial/Art/Materials/VFX/DustMote.mat using Guid(e27a3e2f84809914fa5bf3a7ac14ce9f) Importer(815301076,1909f56bfc062723c751e8b465ee728b)  -> (artifact id: '9c29d10519c45ef5787b84cfeb6f10e8') in 0.006146 seconds 
========================================================================
Received Import Request.
  Time since last request: 0.000020 seconds.
  path: Assets/UnityTechnologies/3DBeginnerTutorial/Art/Materials/DiningRoom/CandleStick.mat
  artifactKey: Guid(8d2cd8bfb9126c744ba6ef80defb2620) Importer(815301076,1909f56bfc062723c751e8b465ee728b)
Start importing Assets/UnityTechnologies/3DBeginnerTutorial/Art/Materials/DiningRoom/CandleStick.mat using Guid(8d2cd8bfb9126c744ba6ef80defb2620) Importer(815301076,1909f56bfc062723c751e8b465ee728b)  -> (artifact id: 'b9070ada0fa8b0df39f2e7829c69af92') in 0.007495 seconds 
========================================================================
Received Import Request.
  Time since last request: 0.000021 seconds.
  path: Assets/UnityTechnologies/3DBeginnerTutorial/Art/Materials/DiningRoom/Clock.mat
  artifactKey: Guid(8d2783b3e3276774b8ee18214091ac89) Importer(815301076,1909f56bfc062723c751e8b465ee728b)
Start importing Assets/UnityTechnologies/3DBeginnerTutorial/Art/Materials/DiningRoom/Clock.mat using Guid(8d2783b3e3276774b8ee18214091ac89) Importer(815301076,1909f56bfc062723c751e8b465ee728b)  -> (artifact id: '08045c008dafcb78ef65bc23b3f9e9d9') in 0.008207 seconds 
========================================================================
Received Import Request.
  Time since last request: 0.000021 seconds.
  path: Assets/UnityTechnologies/3DBeginnerTutorial/Art/Materials/Bathroom/Bathtub.mat
  artifactKey: Guid(b80a9d3765165844c9e6e6505f6d511c) Importer(815301076,1909f56bfc062723c751e8b465ee728b)
Start importing Assets/UnityTechnologies/3DBeginnerTutorial/Art/Materials/Bathroom/Bathtub.mat using Guid(b80a9d3765165844c9e6e6505f6d511c) Importer(815301076,1909f56bfc062723c751e8b465ee728b)  -> (artifact id: '103a41a4f43867b6fd3ab2531aff8bfd') in 0.009941 seconds 
========================================================================
Received Import Request.
  Time since last request: 0.000021 seconds.
  path: Assets/UnityTechnologies/3DBeginnerTutorial/Art/Materials/DiningRoom/Chair.mat
  artifactKey: Guid(41a54a7b601421848ac1ee00bed0c867) Importer(815301076,1909f56bfc062723c751e8b465ee728b)
Start importing Assets/UnityTechnologies/3DBeginnerTutorial/Art/Materials/DiningRoom/Chair.mat using Guid(41a54a7b601421848ac1ee00bed0c867) Importer(815301076,1909f56bfc062723c751e8b465ee728b)  -> (artifact id: 'ae25fe12615282041f9fbd29eaca52e0') in 0.008764 seconds 
Editor requested this worker to shutdown with reason: Scaling down because of idle timeout
AssetImportWorker is now disconnected from the server
Process exiting
Exiting without the bug reporter. Application will terminate with return code 0