Using pre-set license
Built from '2021.3/staging' branch; Version is '2021.3.22f1 (b6c551784ba3) revision 11978065'; Using compiler version '192829333'; Build Type 'Release'
OS: 'Windows 10  (10.0.19045) 64bit Core' Language: 'ko' Physical Memory: 65400 MB
BatchMode: 1, IsHumanControllingUs: 0, StartBugReporterOnCrash: 0, Is64bit: 1, IsPro: 1

COMMAND LINE ARGUMENTS:
D:\2021.3.22f1\Editor\Unity.exe
-adb2
-batchMode
-noUpm
-name
AssetImportWorker0
-projectPath
D:/my/mygame
-logFile
Logs/AssetImportWorker0.log
-srvPort
53154
Successfully changed project path to: D:/my/mygame
D:/my/mygame
[UnityMemory] Configuration Parameters - Can be set up in boot.config
    "memorysetup-bucket-allocator-granularity=16"
    "memorysetup-bucket-allocator-bucket-count=8"
    "memorysetup-bucket-allocator-block-size=33554432"
    "memorysetup-bucket-allocator-block-count=8"
    "memorysetup-main-allocator-block-size=16777216"
    "memorysetup-thread-allocator-block-size=16777216"
    "memorysetup-gfx-main-allocator-block-size=16777216"
    "memorysetup-gfx-thread-allocator-block-size=16777216"
    "memorysetup-cache-allocator-block-size=4194304"
    "memorysetup-typetree-allocator-block-size=2097152"
    "memorysetup-profiler-bucket-allocator-granularity=16"
    "memorysetup-profiler-bucket-allocator-bucket-count=8"
    "memorysetup-profiler-bucket-allocator-block-size=33554432"
    "memorysetup-profiler-bucket-allocator-block-count=8"
    "memorysetup-profiler-allocator-block-size=16777216"
    "memorysetup-profiler-editor-allocator-block-size=1048576"
    "memorysetup-temp-allocator-size-main=16777216"
    "memorysetup-job-temp-allocator-block-size=2097152"
    "memorysetup-job-temp-allocator-block-size-background=1048576"
    "memorysetup-job-temp-allocator-reduction-small-platforms=262144"
    "memorysetup-temp-allocator-size-background-worker=32768"
    "memorysetup-temp-allocator-size-job-worker=262144"
    "memorysetup-temp-allocator-size-preload-manager=33554432"
    "memorysetup-temp-allocator-size-nav-mesh-worker=65536"
    "memorysetup-temp-allocator-size-audio-worker=65536"
    "memorysetup-temp-allocator-size-cloud-worker=32768"
    "memorysetup-temp-allocator-size-gi-baking-worker=262144"
    "memorysetup-temp-allocator-size-gfx=262144"
Player connection [25240] Host "[IP] 192.168.0.152 [Port] 0 [Flags] 2 [Guid] 1049689993 [EditorId] 1049689993 [Version] 1048832 [Id] WindowsEditor(7,DESKTOP-HJNGCGI) [Debug] 1 [PackageName] WindowsEditor [ProjectName] Editor" joined multi-casting on [225.0.0.222:54997]...

Player connection [25240] Host "[IP] 192.168.0.152 [Port] 0 [Flags] 2 [Guid] 1049689993 [EditorId] 1049689993 [Version] 1048832 [Id] WindowsEditor(7,DESKTOP-HJNGCGI) [Debug] 1 [PackageName] WindowsEditor [ProjectName] Editor" joined alternative multi-casting on [225.0.0.222:34997]...

Refreshing native plugins compatible for Editor in 68.77 ms, found 3 plugins.
Preloading 0 native plugins for Editor in 0.00 ms.
Initialize engine version: 2021.3.22f1 (b6c551784ba3)
[Subsystems] Discovering subsystems at path D:/2021.3.22f1/Editor/Data/Resources/UnitySubsystems
[Subsystems] Discovering subsystems at path D:/my/mygame/Assets
GfxDevice: creating device client; threaded=0; jobified=0
Direct3D:
    Version:  Direct3D 11.0 [level 11.1]
    Renderer: NVIDIA GeForce RTX 3080 (ID=0x2206)
    Vendor:   NVIDIA
    VRAM:     10067 MB
    Driver:   31.0.15.2802
Initialize mono
Mono path[0] = 'D:/2021.3.22f1/Editor/Data/Managed'
Mono path[1] = 'D:/2021.3.22f1/Editor/Data/MonoBleedingEdge/lib/mono/unityjit-win32'
Mono config path = 'D:/2021.3.22f1/Editor/Data/MonoBleedingEdge/etc'
Using monoOptions --debugger-agent=transport=dt_socket,embedding=1,server=y,suspend=n,address=127.0.0.1:56252
Begin MonoManager ReloadAssembly
Registering precompiled unity dll's ...
Register platform support module: D:/2021.3.22f1/Editor/Data/PlaybackEngines/WebGLSupport/UnityEditor.WebGL.Extensions.dll
Register platform support module: D:/2021.3.22f1/Editor/Data/PlaybackEngines/AndroidPlayer/UnityEditor.Android.Extensions.dll
Register platform support module: D:/2021.3.22f1/Editor/Data/PlaybackEngines/WindowsStandaloneSupport/UnityEditor.WindowsStandalone.Extensions.dll
Registered in 0.002225 seconds.
Native extension for WindowsStandalone target not found
Native extension for Android target not found
Android Extension - Scanning For ADB Devices 299 ms
Native extension for WebGL target not found
Refreshing native plugins compatible for Editor in 75.73 ms, found 3 plugins.
Preloading 0 native plugins for Editor in 0.00 ms.
Mono: successfully reloaded assembly
- Completed reload, in  0.812 seconds
Domain Reload Profiling:
	ReloadAssembly (813ms)
		BeginReloadAssembly (63ms)
			ExecutionOrderSort (0ms)
			DisableScriptedObjects (0ms)
			BackupInstance (0ms)
			ReleaseScriptingObjects (0ms)
			CreateAndSetChildDomain (1ms)
		EndReloadAssembly (682ms)
			LoadAssemblies (62ms)
			RebuildTransferFunctionScriptingTraits (0ms)
			SetupTypeCache (83ms)
			ReleaseScriptCaches (0ms)
			RebuildScriptCaches (22ms)
			SetupLoadedEditorAssemblies (541ms)
				LogAssemblyErrors (0ms)
				InitializePlatformSupportModulesInManaged (350ms)
				SetLoadedEditorAssemblies (0ms)
				RefreshPlugins (76ms)
				BeforeProcessingInitializeOnLoad (1ms)
				ProcessInitializeOnLoadAttributes (79ms)
				ProcessInitializeOnLoadMethodAttributes (35ms)
				AfterProcessingInitializeOnLoad (0ms)
				EditorAssembliesLoaded (0ms)
			ExecutionOrderSort2 (0ms)
			AwakeInstancesAfterBackupRestoration (0ms)
Platform modules already initialized, skipping
Registering precompiled user dll's ...
Registered in 0.003841 seconds.
Begin MonoManager ReloadAssembly
Symbol file LoadedFromMemory doesn't match image D:\my\mygame\Library\PackageCache\com.unity.visualscripting@1.8.0\Editor\VisualScripting.Core\Dependencies\YamlDotNet\Unity.VisualScripting.YamlDotNet.dll
Symbol file LoadedFromMemory doesn't match image D:\my\mygame\Library\PackageCache\com.unity.visualscripting@1.8.0\Editor\VisualScripting.Core\Dependencies\DotNetZip\Unity.VisualScripting.IonicZip.dll
Native extension for WindowsStandalone target not found
Native extension for Android target not found
Native extension for WebGL target not found
Refreshing native plugins compatible for Editor in 0.45 ms, found 3 plugins.
Preloading 0 native plugins for Editor in 0.00 ms.
Mono: successfully reloaded assembly
- Completed reload, in  0.780 seconds
Domain Reload Profiling:
	ReloadAssembly (781ms)
		BeginReloadAssembly (96ms)
			ExecutionOrderSort (0ms)
			DisableScriptedObjects (5ms)
			BackupInstance (0ms)
			ReleaseScriptingObjects (0ms)
			CreateAndSetChildDomain (16ms)
		EndReloadAssembly (604ms)
			LoadAssemblies (71ms)
			RebuildTransferFunctionScriptingTraits (0ms)
			SetupTypeCache (219ms)
			ReleaseScriptCaches (1ms)
			RebuildScriptCaches (40ms)
			SetupLoadedEditorAssemblies (255ms)
				LogAssemblyErrors (0ms)
				InitializePlatformSupportModulesInManaged (13ms)
				SetLoadedEditorAssemblies (0ms)
				RefreshPlugins (0ms)
				BeforeProcessingInitializeOnLoad (63ms)
				ProcessInitializeOnLoadAttributes (162ms)
				ProcessInitializeOnLoadMethodAttributes (14ms)
				AfterProcessingInitializeOnLoad (2ms)
				EditorAssembliesLoaded (0ms)
			ExecutionOrderSort2 (0ms)
			AwakeInstancesAfterBackupRestoration (4ms)
Platform modules already initialized, skipping
========================================================================
Worker process is ready to serve import requests
Launched and connected shader compiler UnityShaderCompiler.exe after 0.04 seconds
Refreshing native plugins compatible for Editor in 0.46 ms, found 3 plugins.
Preloading 0 native plugins for Editor in 0.00 ms.
Unloading 3053 Unused Serialized files (Serialized files now loaded: 0)
Unloading 24 unused Assets / (114.3 KB). Loaded Objects now: 3516.
Memory consumption went from 109.4 MB to 109.3 MB.
Total: 2.313800 ms (FindLiveObjects: 0.220700 ms CreateObjectMapping: 0.155900 ms MarkObjects: 1.856600 ms  DeleteObjects: 0.080100 ms)

AssetImportParameters requested are different than current active one (requested -> active):
  custom:video-decoder-ogg-theora: a1e56fd34408186e4bbccfd4996cb3dc -> 
  custom:container-muxer-webm: aa71ff27fc2769a1b78a27578f13a17b -> 
  custom:container-demuxer-webm: 4f35f7cbe854078d1ac9338744f61a02 -> 
  custom:video-encoder-webm-vp8: eb34c28f22e8b96e1ab97ce403110664 -> 
  custom:video-codec-MediaFoundation-h265: 746d11721c4dcdbdad8f713fa42b33f4 -> 
  custom:audio-encoder-webm-vorbis: bf7c407c2cedff20999df2af8eb42d56 -> 
  custom:framework-win-MediaFoundation: 216162199b28c13a410421893ffa2e32 -> 
  custom:container-demuxer-ogg: 62fdf1f143b41e24485cea50d1cbac27 -> 
  custom:video-decoder-webm-vp8: 9c59270c3fd7afecdb556c50c9e8de78 -> 
  custom:audio-decoder-ogg-vorbis: bf7c407c2cedff20999df2af8eb42d56 -> 
========================================================================
Received Import Request.
  Time since last request: 7863.960325 seconds.
  path: Assets/UnityTechnologies/3DBeginnerTutorial/Readme.asset
  artifactKey: Guid(5aa8565dc31eb3f4a97f05eb11fe8445) Importer(815301076,1909f56bfc062723c751e8b465ee728b)
Start importing Assets/UnityTechnologies/3DBeginnerTutorial/Readme.asset using Guid(5aa8565dc31eb3f4a97f05eb11fe8445) Importer(815301076,1909f56bfc062723c751e8b465ee728b)  -> (artifact id: '7ce72e1495a8c23762183a053d7090fa') in 0.023494 seconds 
========================================================================
Received Import Request.
  Time since last request: 22.805951 seconds.
  path: Assets/UnityTechnologies/3DBeginnerTutorial/Art
  artifactKey: Guid(5bf3990a2b92b4e69ac71fbf6466c675) Importer(815301076,1909f56bfc062723c751e8b465ee728b)
Start importing Assets/UnityTechnologies/3DBeginnerTutorial/Art using Guid(5bf3990a2b92b4e69ac71fbf6466c675) Importer(815301076,1909f56bfc062723c751e8b465ee728b)  -> (artifact id: '4b8e7103b6aa90b9dfa3b9ab71d71f77') in 0.001119 seconds 
========================================================================
Received Import Request.
  Time since last request: 1.556496 seconds.
  path: Assets/UnityTechnologies/3DBeginnerTutorial/Prefabs
  artifactKey: Guid(9b0f9186b9caf554f82133b3d58436ef) Importer(815301076,1909f56bfc062723c751e8b465ee728b)
Start importing Assets/UnityTechnologies/3DBeginnerTutorial/Prefabs using Guid(9b0f9186b9caf554f82133b3d58436ef) Importer(815301076,1909f56bfc062723c751e8b465ee728b)  -> (artifact id: 'f92e751b8af76bea4620527591e13a68') in 0.001150 seconds 
========================================================================
Received Import Request.
  Time since last request: 0.060398 seconds.
  path: Assets/UnityTechnologies/3DBeginnerTutorial/Prefabs/Level.prefab
  artifactKey: Guid(549c69af39b84624b8a053537c407def) Importer(815301076,1909f56bfc062723c751e8b465ee728b)
Start importing Assets/UnityTechnologies/3DBeginnerTutorial/Prefabs/Level.prefab using Guid(549c69af39b84624b8a053537c407def) Importer(815301076,1909f56bfc062723c751e8b465ee728b)  -> (artifact id: '335cd68694a23e0b1927cbcb04309b2a') in 4.222373 seconds 
========================================================================
Received Import Request.
  Time since last request: 1.699406 seconds.
  path: Assets/UnityTechnologies/3DBeginnerTutorial/Prefabs/Level.prefab
  artifactKey: Guid(549c69af39b84624b8a053537c407def) Importer(815301076,1909f56bfc062723c751e8b465ee728b)
Start importing Assets/UnityTechnologies/3DBeginnerTutorial/Prefabs/Level.prefab using Guid(549c69af39b84624b8a053537c407def) Importer(815301076,1909f56bfc062723c751e8b465ee728b)  -> (artifact id: 'bed83abe6643f9101bf47f816fd9bfaa') in 0.134032 seconds 
========================================================================
Received Import Request.
  Time since last request: 10.256098 seconds.
  path: Assets/UnityTechnologies/3DBeginnerTutorial/Prefabs/VFX
  artifactKey: Guid(bb0f3f794405f084d9976428bae80977) Importer(815301076,1909f56bfc062723c751e8b465ee728b)
Start importing Assets/UnityTechnologies/3DBeginnerTutorial/Prefabs/VFX using Guid(bb0f3f794405f084d9976428bae80977) Importer(815301076,1909f56bfc062723c751e8b465ee728b)  -> (artifact id: 'd5a7dcf93b7e33770bd8b0df3414fded') in 0.001087 seconds 
========================================================================
Received Import Request.
  Time since last request: 1.560935 seconds.
  path: Assets/UnityTechnologies/3DBeginnerTutorial
  artifactKey: Guid(30072c54e29f5451aaace809eb61b708) Importer(815301076,1909f56bfc062723c751e8b465ee728b)
Start importing Assets/UnityTechnologies/3DBeginnerTutorial using Guid(30072c54e29f5451aaace809eb61b708) Importer(815301076,1909f56bfc062723c751e8b465ee728b)  -> (artifact id: '7e2e51791ea40990b7bdec368a959b9b') in 0.001051 seconds 
========================================================================
Received Import Request.
  Time since last request: 1.214229 seconds.
  path: Assets/UnityTechnologies/3DBeginnerTutorial/Scripts
  artifactKey: Guid(4b32d296f22ef544caf49758d8111991) Importer(815301076,1909f56bfc062723c751e8b465ee728b)
Start importing Assets/UnityTechnologies/3DBeginnerTutorial/Scripts using Guid(4b32d296f22ef544caf49758d8111991) Importer(815301076,1909f56bfc062723c751e8b465ee728b)  -> (artifact id: '41c7e59a0a95dfae301349cb61a5f265') in 0.001069 seconds 
========================================================================
Received Import Request.
  Time since last request: 2.099491 seconds.
  path: Assets/UnityTechnologies/3DBeginnerTutorial/Scripts/LightFlicker.cs
  artifactKey: Guid(24a255a6b0082bd429262fb040110f12) Importer(815301076,1909f56bfc062723c751e8b465ee728b)
Start importing Assets/UnityTechnologies/3DBeginnerTutorial/Scripts/LightFlicker.cs using Guid(24a255a6b0082bd429262fb040110f12) Importer(815301076,1909f56bfc062723c751e8b465ee728b)  -> (artifact id: 'c23ada346c0e7da967cd9d7b4297fdc8') in 0.007675 seconds 
========================================================================
Received Import Request.
  Time since last request: 9.895588 seconds.
  path: Assets/UnityTechnologies/3DBeginnerTutorial/Shaders
  artifactKey: Guid(45488f1b5d87a2f4197b11c01e63e244) Importer(815301076,1909f56bfc062723c751e8b465ee728b)
Start importing Assets/UnityTechnologies/3DBeginnerTutorial/Shaders using Guid(45488f1b5d87a2f4197b11c01e63e244) Importer(815301076,1909f56bfc062723c751e8b465ee728b)  -> (artifact id: 'b757b5ad5fc41bcfa571262b39001e35') in 0.002030 seconds 
========================================================================
Received Import Request.
  Time since last request: 0.781948 seconds.
  path: Assets/UnityTechnologies/3DBeginnerTutorial/TutorialInfo
  artifactKey: Guid(01218e3fdeae889428d101dae68929a2) Importer(815301076,1909f56bfc062723c751e8b465ee728b)
Start importing Assets/UnityTechnologies/3DBeginnerTutorial/TutorialInfo using Guid(01218e3fdeae889428d101dae68929a2) Importer(815301076,1909f56bfc062723c751e8b465ee728b)  -> (artifact id: 'f551df4a286230d3c49c50f6a7190eaa') in 0.001663 seconds 
========================================================================
Received Import Request.
  Time since last request: 2.917580 seconds.
  path: Assets/UnityTechnologies/3DBeginnerTutorial/Art/Models
  artifactKey: Guid(5c22133398df5aa4eba6d956857390aa) Importer(815301076,1909f56bfc062723c751e8b465ee728b)
Start importing Assets/UnityTechnologies/3DBeginnerTutorial/Art/Models using Guid(5c22133398df5aa4eba6d956857390aa) Importer(815301076,1909f56bfc062723c751e8b465ee728b)  -> (artifact id: '6a4f2796b8cc2401b6e9cbfde07b5394') in 0.001126 seconds 
========================================================================
Received Import Request.
  Time since last request: 0.976541 seconds.
  path: Assets/UnityTechnologies/3DBeginnerTutorial/Art/Textures
  artifactKey: Guid(94072af5b8dc2c94cba8b6a9b44945d6) Importer(815301076,1909f56bfc062723c751e8b465ee728b)
Start importing Assets/UnityTechnologies/3DBeginnerTutorial/Art/Textures using Guid(94072af5b8dc2c94cba8b6a9b44945d6) Importer(815301076,1909f56bfc062723c751e8b465ee728b)  -> (artifact id: '15fb9938f7c6773e9f530e763f7e8022') in 0.001254 seconds 
========================================================================
Received Import Request.
  Time since last request: 0.738695 seconds.
  path: Assets/UnityTechnologies/3DBeginnerTutorial/Art/Materials
  artifactKey: Guid(3f0f264239b4ea943937dd9d0fc60963) Importer(815301076,1909f56bfc062723c751e8b465ee728b)
Start importing Assets/UnityTechnologies/3DBeginnerTutorial/Art/Materials using Guid(3f0f264239b4ea943937dd9d0fc60963) Importer(815301076,1909f56bfc062723c751e8b465ee728b)  -> (artifact id: '5ed3fd9f4be9510a82f8f660a08dc518') in 0.001020 seconds 
========================================================================
Received Import Request.
  Time since last request: 2.439630 seconds.
  path: Assets/UnityTechnologies/3DBeginnerTutorial/Art/Audio
  artifactKey: Guid(99292649337aea64a81aee4d4de15241) Importer(815301076,1909f56bfc062723c751e8b465ee728b)
Start importing Assets/UnityTechnologies/3DBeginnerTutorial/Art/Audio using Guid(99292649337aea64a81aee4d4de15241) Importer(815301076,1909f56bfc062723c751e8b465ee728b)  -> (artifact id: '9ddcd67fb229faf462632a0cf3ffc13b') in 0.001173 seconds 
========================================================================
Received Import Request.
  Time since last request: 0.035601 seconds.
  path: Assets/UnityTechnologies/3DBeginnerTutorial/Art/Audio/SFXBuzzingLight.wav
  artifactKey: Guid(86e0f005f0b8e084698c2cf61bb6c2b6) Importer(815301076,1909f56bfc062723c751e8b465ee728b)
Start importing Assets/UnityTechnologies/3DBeginnerTutorial/Art/Audio/SFXBuzzingLight.wav using Guid(86e0f005f0b8e084698c2cf61bb6c2b6) Importer(815301076,1909f56bfc062723c751e8b465ee728b)  -> (artifact id: '893e9f03cb40d60af20e0e98a1538c9d') in 0.082402 seconds 
========================================================================
Received Import Request.
  Time since last request: 0.000024 seconds.
  path: Assets/UnityTechnologies/3DBeginnerTutorial/Art/Audio/SFXHouseAmbience.wav
  artifactKey: Guid(205287722f2b6b64583b86d65fdeeb11) Importer(815301076,1909f56bfc062723c751e8b465ee728b)
Start importing Assets/UnityTechnologies/3DBeginnerTutorial/Art/Audio/SFXHouseAmbience.wav using Guid(205287722f2b6b64583b86d65fdeeb11) Importer(815301076,1909f56bfc062723c751e8b465ee728b)  -> (artifact id: '72d9e3a3b8425faa378173f9cfbc5cdb') in 0.006851 seconds 
========================================================================
Received Import Request.
  Time since last request: 0.000027 seconds.
  path: Assets/UnityTechnologies/3DBeginnerTutorial/Art/Audio/SFXFootstepsLooping.wav
  artifactKey: Guid(07e520bb410492d47bf739846d70f2a3) Importer(815301076,1909f56bfc062723c751e8b465ee728b)
Start importing Assets/UnityTechnologies/3DBeginnerTutorial/Art/Audio/SFXFootstepsLooping.wav using Guid(07e520bb410492d47bf739846d70f2a3) Importer(815301076,1909f56bfc062723c751e8b465ee728b)  -> (artifact id: 'd67ba859c9af592ac337460504dffc11') in 0.010755 seconds 
========================================================================
Received Import Request.
  Time since last request: 0.000021 seconds.
  path: Assets/UnityTechnologies/3DBeginnerTutorial/Art/Audio/SFXGhostMove.wav
  artifactKey: Guid(98ea14dfdb9dce74a976520f134fd1a2) Importer(815301076,1909f56bfc062723c751e8b465ee728b)
Start importing Assets/UnityTechnologies/3DBeginnerTutorial/Art/Audio/SFXGhostMove.wav using Guid(98ea14dfdb9dce74a976520f134fd1a2) Importer(815301076,1909f56bfc062723c751e8b465ee728b)  -> (artifact id: 'db06c816f3cc2c9c3384aa751d00dac0') in 0.032757 seconds 
========================================================================
Received Import Request.
  Time since last request: 1.012720 seconds.
  path: Assets/UnityTechnologies/3DBeginnerTutorial/Art/Animation
  artifactKey: Guid(1f19bea6983d93d4083ef7ffa4b8bdfb) Importer(815301076,1909f56bfc062723c751e8b465ee728b)
Start importing Assets/UnityTechnologies/3DBeginnerTutorial/Art/Animation using Guid(1f19bea6983d93d4083ef7ffa4b8bdfb) Importer(815301076,1909f56bfc062723c751e8b465ee728b)  -> (artifact id: '4934c2ac47b6d3687463e5ae2cd68882') in 0.001551 seconds 
========================================================================
Received Import Request.
  Time since last request: 0.854831 seconds.
  path: Assets/UnityTechnologies/3DBeginnerTutorial/Art/Animation/Animators
  artifactKey: Guid(3e1ff1aa196645e4a912d1c3bb76a860) Importer(815301076,1909f56bfc062723c751e8b465ee728b)
Start importing Assets/UnityTechnologies/3DBeginnerTutorial/Art/Animation/Animators using Guid(3e1ff1aa196645e4a912d1c3bb76a860) Importer(815301076,1909f56bfc062723c751e8b465ee728b)  -> (artifact id: '2e5ff909428d9be6227258337f062765') in 0.001214 seconds 
========================================================================
Received Import Request.
  Time since last request: 0.684970 seconds.
  path: Assets/UnityTechnologies/3DBeginnerTutorial/Art/Animation/Animation
  artifactKey: Guid(16c12986779f71343a6e6759d132b35e) Importer(815301076,1909f56bfc062723c751e8b465ee728b)
Start importing Assets/UnityTechnologies/3DBeginnerTutorial/Art/Animation/Animation using Guid(16c12986779f71343a6e6759d132b35e) Importer(815301076,1909f56bfc062723c751e8b465ee728b)  -> (artifact id: '4ba53b235f01fc48fa0b955d36d36537') in 0.001053 seconds 
========================================================================
Received Import Request.
  Time since last request: 0.079167 seconds.
  path: Assets/UnityTechnologies/3DBeginnerTutorial/Art/Animation/Animation/Gargoyle@Idle.fbx
  artifactKey: Guid(475d389e70692ca4abb09caca1aef9ae) Importer(815301076,1909f56bfc062723c751e8b465ee728b)
Start importing Assets/UnityTechnologies/3DBeginnerTutorial/Art/Animation/Animation/Gargoyle@Idle.fbx using Guid(475d389e70692ca4abb09caca1aef9ae) Importer(815301076,1909f56bfc062723c751e8b465ee728b)  -> (artifact id: 'e5c23de1d2836d32a59a52e26a98f264') in 0.264961 seconds 
========================================================================
Received Import Request.
  Time since last request: 0.000020 seconds.
  path: Assets/UnityTechnologies/3DBeginnerTutorial/Art/Animation/Animation/John@Walk.fbx
  artifactKey: Guid(da1625e6a723d1745a6ba7f6565a130f) Importer(815301076,1909f56bfc062723c751e8b465ee728b)
Start importing Assets/UnityTechnologies/3DBeginnerTutorial/Art/Animation/Animation/John@Walk.fbx using Guid(da1625e6a723d1745a6ba7f6565a130f) Importer(815301076,1909f56bfc062723c751e8b465ee728b)  -> (artifact id: '8dec643f606f540914e43ede85843715') in 0.014648 seconds 
Editor requested this worker to shutdown with reason: Scaling down because of idle timeout
AssetImportWorker is now disconnected from the server
Process exiting
Exiting without the bug reporter. Application will terminate with return code 0